<?xml version="1.0" encoding="UTF-8"?>
<coverage generated="1743081150281" clover="3.2.0">
  <project timestamp="1743081150281" name="All files">
    <metrics statements="223" coveredstatements="201" conditionals="278" coveredconditionals="233" methods="49" coveredmethods="28" elements="550" coveredelements="462" complexity="0" loc="223" ncloc="223" packages="2" files="5" classes="5"/>
    <package name="components">
      <metrics statements="211" coveredstatements="192" conditionals="272" coveredconditionals="230" methods="45" coveredmethods="26"/>
      <file name="Leaderboard.vue" path="/home/weebaay/gaming_platforme/Frontend/my-game-platform/src/components/Leaderboard.vue">
        <metrics statements="62" coveredstatements="57" conditionals="80" coveredconditionals="70" methods="12" coveredmethods="7"/>
        <line num="4" count="2" type="stmt"/>
        <line num="5" count="2" type="stmt"/>
        <line num="8" count="2" type="stmt"/>
        <line num="9" count="2" type="stmt"/>
        <line num="10" count="2" type="stmt"/>
        <line num="166" count="2" type="stmt"/>
        <line num="168" count="2" type="stmt"/>
        <line num="171" count="2" type="stmt"/>
        <line num="172" count="2" type="stmt"/>
        <line num="173" count="2" type="stmt"/>
        <line num="176" count="2" type="stmt"/>
        <line num="179" count="2" type="stmt"/>
        <line num="182" count="2" type="stmt"/>
        <line num="185" count="2" type="stmt"/>
        <line num="188" count="2" type="stmt"/>
        <line num="191" count="2" type="stmt"/>
        <line num="194" count="2" type="stmt"/>
        <line num="198" count="2" type="stmt"/>
        <line num="201" count="2" type="stmt"/>
        <line num="205" count="2" type="stmt"/>
        <line num="208" count="2" type="stmt"/>
        <line num="211" count="2" type="stmt"/>
        <line num="214" count="2" type="stmt"/>
        <line num="218" count="2" type="stmt"/>
        <line num="221" count="2" type="stmt"/>
        <line num="224" count="2" type="stmt"/>
        <line num="227" count="2" type="stmt"/>
        <line num="231" count="2" type="stmt"/>
        <line num="234" count="2" type="stmt"/>
        <line num="237" count="2" type="stmt"/>
        <line num="240" count="2" type="stmt"/>
        <line num="244" count="2" type="stmt"/>
        <line num="247" count="2" type="stmt"/>
        <line num="250" count="2" type="stmt"/>
        <line num="253" count="2" type="stmt"/>
        <line num="256" count="2" type="stmt"/>
        <line num="259" count="2" type="stmt"/>
        <line num="262" count="2" type="stmt"/>
        <line num="265" count="2" type="stmt"/>
        <line num="269" count="2" type="stmt"/>
        <line num="272" count="2" type="stmt"/>
        <line num="275" count="2" type="stmt"/>
        <line num="279" count="2" type="stmt"/>
        <line num="282" count="2" type="stmt"/>
        <line num="285" count="2" type="stmt"/>
        <line num="289" count="2" type="stmt"/>
        <line num="292" count="2" type="stmt"/>
        <line num="295" count="2" type="stmt"/>
        <line num="300" count="38" type="stmt"/>
        <line num="301" count="38" type="stmt"/>
        <line num="305" count="0" type="cond" truecount="0" falsecount="2"/>
        <line num="313" count="0" type="cond" truecount="0" falsecount="2"/>
        <line num="319" count="0" type="cond" truecount="0" falsecount="2"/>
        <line num="322" count="1" type="cond" truecount="4" falsecount="0"/>
        <line num="330" count="2" type="cond" truecount="2" falsecount="0"/>
        <line num="332" count="2" type="cond" truecount="3" falsecount="1"/>
        <line num="334" count="2" type="cond" truecount="2" falsecount="0"/>
        <line num="335" count="2" type="cond" truecount="3" falsecount="1"/>
        <line num="351" count="0" type="cond" truecount="2" falsecount="0"/>
        <line num="356" count="0" type="cond" truecount="2" falsecount="0"/>
        <line num="361" count="40" type="stmt"/>
        <line num="389" count="2" type="stmt"/>
      </file>
      <file name="LeaderboardOnline.vue" path="/home/weebaay/gaming_platforme/Frontend/my-game-platform/src/components/LeaderboardOnline.vue">
        <metrics statements="85" coveredstatements="80" conditionals="104" coveredconditionals="92" methods="16" coveredmethods="11"/>
        <line num="4" count="2" type="stmt"/>
        <line num="5" count="2" type="stmt"/>
        <line num="8" count="2" type="stmt"/>
        <line num="9" count="2" type="stmt"/>
        <line num="10" count="2" type="stmt"/>
        <line num="210" count="2" type="stmt"/>
        <line num="212" count="2" type="stmt"/>
        <line num="215" count="2" type="stmt"/>
        <line num="216" count="2" type="stmt"/>
        <line num="217" count="2" type="stmt"/>
        <line num="220" count="2" type="stmt"/>
        <line num="223" count="2" type="stmt"/>
        <line num="226" count="2" type="stmt"/>
        <line num="229" count="2" type="stmt"/>
        <line num="232" count="2" type="stmt"/>
        <line num="235" count="2" type="stmt"/>
        <line num="238" count="2" type="stmt"/>
        <line num="242" count="2" type="stmt"/>
        <line num="245" count="2" type="stmt"/>
        <line num="249" count="2" type="stmt"/>
        <line num="252" count="2" type="stmt"/>
        <line num="255" count="2" type="stmt"/>
        <line num="258" count="2" type="stmt"/>
        <line num="261" count="2" type="stmt"/>
        <line num="265" count="2" type="stmt"/>
        <line num="268" count="2" type="stmt"/>
        <line num="271" count="2" type="stmt"/>
        <line num="274" count="2" type="stmt"/>
        <line num="277" count="2" type="stmt"/>
        <line num="281" count="2" type="stmt"/>
        <line num="284" count="2" type="stmt"/>
        <line num="287" count="2" type="stmt"/>
        <line num="290" count="2" type="stmt"/>
        <line num="293" count="2" type="stmt"/>
        <line num="297" count="2" type="stmt"/>
        <line num="300" count="2" type="stmt"/>
        <line num="303" count="2" type="stmt"/>
        <line num="306" count="2" type="stmt"/>
        <line num="309" count="2" type="stmt"/>
        <line num="312" count="2" type="stmt"/>
        <line num="315" count="2" type="stmt"/>
        <line num="318" count="2" type="stmt"/>
        <line num="321" count="2" type="stmt"/>
        <line num="324" count="2" type="stmt"/>
        <line num="327" count="2" type="stmt"/>
        <line num="330" count="2" type="stmt"/>
        <line num="331" count="2" type="stmt"/>
        <line num="335" count="2" type="stmt"/>
        <line num="339" count="2" type="stmt"/>
        <line num="343" count="2" type="stmt"/>
        <line num="346" count="2" type="stmt"/>
        <line num="349" count="2" type="stmt"/>
        <line num="352" count="2" type="stmt"/>
        <line num="355" count="2" type="stmt"/>
        <line num="358" count="2" type="stmt"/>
        <line num="361" count="2" type="stmt"/>
        <line num="364" count="2" type="stmt"/>
        <line num="367" count="2" type="stmt"/>
        <line num="370" count="2" type="stmt"/>
        <line num="373" count="2" type="stmt"/>
        <line num="376" count="2" type="stmt"/>
        <line num="379" count="2" type="stmt"/>
        <line num="382" count="2" type="stmt"/>
        <line num="385" count="2" type="stmt"/>
        <line num="388" count="2" type="stmt"/>
        <line num="391" count="2" type="stmt"/>
        <line num="395" count="2" type="stmt"/>
        <line num="400" count="62" type="stmt"/>
        <line num="401" count="62" type="stmt"/>
        <line num="405" count="0" type="cond" truecount="0" falsecount="2"/>
        <line num="413" count="0" type="cond" truecount="0" falsecount="2"/>
        <line num="419" count="0" type="cond" truecount="0" falsecount="2"/>
        <line num="422" count="1" type="cond" truecount="4" falsecount="0"/>
        <line num="430" count="2" type="cond" truecount="2" falsecount="0"/>
        <line num="432" count="2" type="cond" truecount="4" falsecount="0"/>
        <line num="434" count="2" type="cond" truecount="2" falsecount="0"/>
        <line num="435" count="2" type="cond" truecount="4" falsecount="0"/>
        <line num="451" count="0" type="cond" truecount="2" falsecount="0"/>
        <line num="456" count="0" type="cond" truecount="2" falsecount="0"/>
        <line num="461" count="2" type="cond" truecount="2" falsecount="0"/>
        <line num="466" count="88" type="stmt"/>
        <line num="483" count="3" type="stmt"/>
        <line num="491" count="1" type="cond" truecount="2" falsecount="0"/>
        <line num="505" count="8" type="stmt"/>
        <line num="509" count="2" type="stmt"/>
      </file>
      <file name="Login.vue" path="/home/weebaay/gaming_platforme/Frontend/my-game-platform/src/components/Login.vue">
        <metrics statements="27" coveredstatements="24" conditionals="30" coveredconditionals="23" methods="7" coveredmethods="4"/>
        <line num="4" count="1" type="stmt"/>
        <line num="5" count="1" type="stmt"/>
        <line num="8" count="1" type="stmt"/>
        <line num="9" count="1" type="stmt"/>
        <line num="132" count="1" type="stmt"/>
        <line num="134" count="1" type="stmt"/>
        <line num="137" count="1" type="stmt"/>
        <line num="138" count="1" type="stmt"/>
        <line num="139" count="1" type="stmt"/>
        <line num="145" count="1" type="stmt"/>
        <line num="148" count="1" type="stmt"/>
        <line num="151" count="1" type="stmt"/>
        <line num="155" count="1" type="stmt"/>
        <line num="158" count="1" type="stmt"/>
        <line num="161" count="1" type="stmt"/>
        <line num="164" count="1" type="stmt"/>
        <line num="165" count="1" type="stmt"/>
        <line num="169" count="1" type="stmt"/>
        <line num="173" count="11" type="stmt"/>
        <line num="174" count="11" type="cond" truecount="2" falsecount="0"/>
        <line num="180" count="0" type="cond" truecount="0" falsecount="2"/>
        <line num="183" count="2" type="cond" truecount="4" falsecount="0"/>
        <line num="189" count="1" type="cond" truecount="2" falsecount="0"/>
        <line num="196" count="1" type="cond" truecount="2" falsecount="0"/>
        <line num="202" count="0" type="cond" truecount="0" falsecount="2"/>
        <line num="210" count="0" type="cond" truecount="0" falsecount="2"/>
        <line num="213" count="1" type="stmt"/>
      </file>
      <file name="Register.vue" path="/home/weebaay/gaming_platforme/Frontend/my-game-platform/src/components/Register.vue">
        <metrics statements="37" coveredstatements="31" conditionals="58" coveredconditionals="45" methods="10" coveredmethods="4"/>
        <line num="4" count="2" type="stmt"/>
        <line num="5" count="2" type="stmt"/>
        <line num="8" count="2" type="stmt"/>
        <line num="9" count="2" type="stmt"/>
        <line num="10" count="2" type="stmt"/>
        <line num="11" count="2" type="stmt"/>
        <line num="285" count="2" type="stmt"/>
        <line num="287" count="2" type="stmt"/>
        <line num="290" count="2" type="stmt"/>
        <line num="291" count="2" type="stmt"/>
        <line num="292" count="2" type="stmt"/>
        <line num="298" count="2" type="stmt"/>
        <line num="301" count="2" type="stmt"/>
        <line num="304" count="2" type="stmt"/>
        <line num="307" count="2" type="stmt"/>
        <line num="311" count="2" type="stmt"/>
        <line num="314" count="2" type="stmt"/>
        <line num="318" count="2" type="stmt"/>
        <line num="321" count="2" type="stmt"/>
        <line num="325" count="2" type="stmt"/>
        <line num="328" count="2" type="stmt"/>
        <line num="332" count="2" type="stmt"/>
        <line num="336" count="2" type="stmt"/>
        <line num="339" count="2" type="stmt"/>
        <line num="340" count="2" type="stmt"/>
        <line num="344" count="9" type="stmt"/>
        <line num="345" count="9" type="cond" truecount="2" falsecount="0"/>
        <line num="351" count="5" type="cond" truecount="2" falsecount="0"/>
        <line num="354" count="1" type="cond" truecount="4" falsecount="0"/>
        <line num="360" count="0" type="cond" truecount="2" falsecount="0"/>
        <line num="361" count="0" type="cond" truecount="2" falsecount="2"/>
        <line num="374" count="0" type="cond" truecount="2" falsecount="0"/>
        <line num="375" count="0" type="cond" truecount="2" falsecount="2"/>
        <line num="385" count="0" type="cond" truecount="2" falsecount="0"/>
        <line num="386" count="0" type="cond" truecount="2" falsecount="2"/>
        <line num="410" count="5" type="cond" truecount="2" falsecount="0"/>
        <line num="413" count="2" type="stmt"/>
      </file>
    </package>
    <package name="services">
      <metrics statements="12" coveredstatements="9" conditionals="6" coveredconditionals="3" methods="4" coveredmethods="2"/>
      <file name="api.js" path="/home/weebaay/gaming_platforme/Frontend/my-game-platform/src/services/api.js">
        <metrics statements="12" coveredstatements="9" conditionals="6" coveredconditionals="3" methods="4" coveredmethods="2"/>
        <line num="8" count="1" type="stmt"/>
        <line num="13" count="1" type="stmt"/>
        <line num="15" count="3" type="stmt"/>
        <line num="16" count="3" type="cond" truecount="1" falsecount="1"/>
        <line num="17" count="3" type="stmt"/>
        <line num="19" count="3" type="stmt"/>
        <line num="22" count="0" type="stmt"/>
        <line num="27" count="1" type="stmt"/>
        <line num="28" count="0" type="stmt"/>
        <line num="30" count="2" type="cond" truecount="2" falsecount="2"/>
        <line num="32" count="0" type="stmt"/>
        <line num="34" count="2" type="stmt"/>
      </file>
    </package>
  </project>
</coverage>
