{"/home/weebaay/gaming_platforme/Frontend/my-game-platform/src/components/Leaderboard.vue": {"path":"/home/weebaay/gaming_platforme/Frontend/my-game-platform/src/components/Leaderboard.vue","statementMap":{"0":{"start":{"line":4,"column":29},"end":{"line":4,"column":165}},"1":{"start":{"line":5,"column":0},"end":{"line":7,"column":3}},"2":{"start":{"line":8,"column":0},"end":{"line":8,"column":25}},"3":{"start":{"line":9,"column":0},"end":{"line":9,"column":54}},"4":{"start":{"line":10,"column":0},"end":{"line":10,"column":49}},"5":{"start":{"line":166,"column":0},"end":{"line":166,"column":13}},"6":{"start":{"line":168,"column":0},"end":{"line":170,"column":3}},"7":{"start":{"line":171,"column":0},"end":{"line":171,"column":24}},"8":{"start":{"line":172,"column":11},"end":{"line":172,"column":25}},"9":{"start":{"line":173,"column":19},"end":{"line":175,"column":1}},"10":{"start":{"line":176,"column":19},"end":{"line":178,"column":1}},"11":{"start":{"line":179,"column":19},"end":{"line":181,"column":1}},"12":{"start":{"line":182,"column":19},"end":{"line":184,"column":1}},"13":{"start":{"line":185,"column":19},"end":{"line":187,"column":1}},"14":{"start":{"line":188,"column":19},"end":{"line":190,"column":1}},"15":{"start":{"line":191,"column":19},"end":{"line":193,"column":1}},"16":{"start":{"line":194,"column":19},"end":{"line":197,"column":1}},"17":{"start":{"line":198,"column":19},"end":{"line":200,"column":1}},"18":{"start":{"line":201,"column":20},"end":{"line":204,"column":1}},"19":{"start":{"line":205,"column":20},"end":{"line":207,"column":1}},"20":{"start":{"line":208,"column":20},"end":{"line":210,"column":1}},"21":{"start":{"line":211,"column":20},"end":{"line":213,"column":1}},"22":{"start":{"line":214,"column":20},"end":{"line":217,"column":1}},"23":{"start":{"line":218,"column":20},"end":{"line":220,"column":1}},"24":{"start":{"line":221,"column":20},"end":{"line":223,"column":1}},"25":{"start":{"line":224,"column":20},"end":{"line":226,"column":1}},"26":{"start":{"line":227,"column":20},"end":{"line":230,"column":1}},"27":{"start":{"line":231,"column":20},"end":{"line":233,"column":1}},"28":{"start":{"line":234,"column":20},"end":{"line":236,"column":1}},"29":{"start":{"line":237,"column":20},"end":{"line":239,"column":1}},"30":{"start":{"line":240,"column":20},"end":{"line":243,"column":1}},"31":{"start":{"line":244,"column":20},"end":{"line":246,"column":1}},"32":{"start":{"line":247,"column":20},"end":{"line":249,"column":1}},"33":{"start":{"line":250,"column":20},"end":{"line":252,"column":1}},"34":{"start":{"line":253,"column":20},"end":{"line":255,"column":1}},"35":{"start":{"line":256,"column":20},"end":{"line":258,"column":1}},"36":{"start":{"line":259,"column":20},"end":{"line":261,"column":1}},"37":{"start":{"line":262,"column":20},"end":{"line":264,"column":1}},"38":{"start":{"line":265,"column":20},"end":{"line":268,"column":1}},"39":{"start":{"line":269,"column":20},"end":{"line":271,"column":1}},"40":{"start":{"line":272,"column":20},"end":{"line":274,"column":1}},"41":{"start":{"line":275,"column":20},"end":{"line":278,"column":1}},"42":{"start":{"line":279,"column":20},"end":{"line":281,"column":1}},"43":{"start":{"line":282,"column":20},"end":{"line":284,"column":1}},"44":{"start":{"line":285,"column":20},"end":{"line":288,"column":1}},"45":{"start":{"line":289,"column":20},"end":{"line":291,"column":1}},"46":{"start":{"line":292,"column":20},"end":{"line":294,"column":1}},"47":{"start":{"line":295,"column":20},"end":{"line":298,"column":1}},"48":{"start":{"line":300,"column":33},"end":{"line":300,"column":74}},"49":{"start":{"line":301,"column":2},"end":{"line":388,"column":231}},"50":{"start":{"line":305,"column":37},"end":{"line":307,"column":72}},"51":{"start":{"line":313,"column":37},"end":{"line":313,"column":102}},"52":{"start":{"line":319,"column":37},"end":{"line":319,"column":111}},"53":{"start":{"line":322,"column":52},"end":{"line":322,"column":107}},"54":{"start":{"line":330,"column":63},"end":{"line":330,"column":88}},"55":{"start":{"line":332,"column":52},"end":{"line":332,"column":109}},"56":{"start":{"line":334,"column":63},"end":{"line":334,"column":89}},"57":{"start":{"line":335,"column":53},"end":{"line":335,"column":110}},"58":{"start":{"line":351,"column":49},"end":{"line":351,"column":73}},"59":{"start":{"line":356,"column":49},"end":{"line":356,"column":69}},"60":{"start":{"line":361,"column":4},"end":{"line":387,"column":275}},"61":{"start":{"line":389,"column":2},"end":{"line":389,"column":49}}},"fnMap":{"0":{"name":"render","decl":{"start":{"line":299,"column":9},"end":{"line":299,"column":15}},"loc":{"start":{"line":299,"column":30},"end":{"line":389,"column":1}},"line":299},"1":{"name":"(anonymous_1)","decl":{"start":{"line":305,"column":31},"end":{"line":305,"column":32}},"loc":{"start":{"line":305,"column":37},"end":{"line":307,"column":72}},"line":305},"2":{"name":"(anonymous_2)","decl":{"start":{"line":313,"column":31},"end":{"line":313,"column":32}},"loc":{"start":{"line":313,"column":37},"end":{"line":313,"column":102}},"line":313},"3":{"name":"(anonymous_3)","decl":{"start":{"line":319,"column":31},"end":{"line":319,"column":32}},"loc":{"start":{"line":319,"column":37},"end":{"line":319,"column":111}},"line":319},"4":{"name":"(anonymous_4)","decl":{"start":{"line":322,"column":39},"end":{"line":322,"column":40}},"loc":{"start":{"line":322,"column":52},"end":{"line":322,"column":107}},"line":322},"5":{"name":"(anonymous_5)","decl":{"start":{"line":330,"column":53},"end":{"line":330,"column":54}},"loc":{"start":{"line":330,"column":63},"end":{"line":330,"column":88}},"line":330},"6":{"name":"(anonymous_6)","decl":{"start":{"line":332,"column":39},"end":{"line":332,"column":40}},"loc":{"start":{"line":332,"column":52},"end":{"line":332,"column":109}},"line":332},"7":{"name":"(anonymous_7)","decl":{"start":{"line":334,"column":53},"end":{"line":334,"column":54}},"loc":{"start":{"line":334,"column":63},"end":{"line":334,"column":89}},"line":334},"8":{"name":"(anonymous_8)","decl":{"start":{"line":335,"column":40},"end":{"line":335,"column":41}},"loc":{"start":{"line":335,"column":53},"end":{"line":335,"column":110}},"line":335},"9":{"name":"(anonymous_9)","decl":{"start":{"line":351,"column":39},"end":{"line":351,"column":40}},"loc":{"start":{"line":351,"column":49},"end":{"line":351,"column":73}},"line":351},"10":{"name":"(anonymous_10)","decl":{"start":{"line":356,"column":39},"end":{"line":356,"column":40}},"loc":{"start":{"line":356,"column":49},"end":{"line":356,"column":69}},"line":356},"11":{"name":"(anonymous_11)","decl":{"start":{"line":360,"column":319},"end":{"line":360,"column":320}},"loc":{"start":{"line":360,"column":338},"end":{"line":388,"column":3}},"line":360}},"branchMap":{"0":{"loc":{"start":{"line":305,"column":37},"end":{"line":307,"column":72}},"type":"binary-expr","locations":[{"start":{"line":305,"column":37},"end":{"line":305,"column":46}},{"start":{"line":305,"column":51},"end":{"line":307,"column":71}}],"line":305},"1":{"loc":{"start":{"line":309,"column":6},"end":{"line":309,"column":119}},"type":"binary-expr","locations":[{"start":{"line":309,"column":6},"end":{"line":309,"column":16}},{"start":{"line":309,"column":21},"end":{"line":309,"column":118}}],"line":309},"2":{"loc":{"start":{"line":313,"column":37},"end":{"line":313,"column":102}},"type":"binary-expr","locations":[{"start":{"line":313,"column":37},"end":{"line":313,"column":46}},{"start":{"line":313,"column":51},"end":{"line":313,"column":101}}],"line":313},"3":{"loc":{"start":{"line":319,"column":37},"end":{"line":319,"column":111}},"type":"binary-expr","locations":[{"start":{"line":319,"column":37},"end":{"line":319,"column":46}},{"start":{"line":319,"column":51},"end":{"line":319,"column":110}}],"line":319},"4":{"loc":{"start":{"line":322,"column":13},"end":{"line":322,"column":108}},"type":"binary-expr","locations":[{"start":{"line":322,"column":13},"end":{"line":322,"column":22}},{"start":{"line":322,"column":27},"end":{"line":322,"column":107}}],"line":322},"5":{"loc":{"start":{"line":322,"column":52},"end":{"line":322,"column":107}},"type":"binary-expr","locations":[{"start":{"line":322,"column":52},"end":{"line":322,"column":73}},{"start":{"line":322,"column":77},"end":{"line":322,"column":107}}],"line":322},"6":{"loc":{"start":{"line":326,"column":5},"end":{"line":328,"column":73}},"type":"binary-expr","locations":[{"start":{"line":326,"column":5},"end":{"line":326,"column":15}},{"start":{"line":326,"column":20},"end":{"line":328,"column":72}}],"line":326},"7":{"loc":{"start":{"line":330,"column":27},"end":{"line":330,"column":89}},"type":"binary-expr","locations":[{"start":{"line":330,"column":27},"end":{"line":330,"column":36}},{"start":{"line":330,"column":41},"end":{"line":330,"column":88}}],"line":330},"8":{"loc":{"start":{"line":332,"column":13},"end":{"line":332,"column":110}},"type":"binary-expr","locations":[{"start":{"line":332,"column":13},"end":{"line":332,"column":22}},{"start":{"line":332,"column":27},"end":{"line":332,"column":109}}],"line":332},"9":{"loc":{"start":{"line":332,"column":52},"end":{"line":332,"column":109}},"type":"binary-expr","locations":[{"start":{"line":332,"column":52},"end":{"line":332,"column":74}},{"start":{"line":332,"column":78},"end":{"line":332,"column":109}}],"line":332},"10":{"loc":{"start":{"line":334,"column":27},"end":{"line":334,"column":90}},"type":"binary-expr","locations":[{"start":{"line":334,"column":27},"end":{"line":334,"column":36}},{"start":{"line":334,"column":41},"end":{"line":334,"column":89}}],"line":334},"11":{"loc":{"start":{"line":335,"column":14},"end":{"line":335,"column":111}},"type":"binary-expr","locations":[{"start":{"line":335,"column":14},"end":{"line":335,"column":23}},{"start":{"line":335,"column":28},"end":{"line":335,"column":110}}],"line":335},"12":{"loc":{"start":{"line":335,"column":53},"end":{"line":335,"column":110}},"type":"binary-expr","locations":[{"start":{"line":335,"column":53},"end":{"line":335,"column":75}},{"start":{"line":335,"column":79},"end":{"line":335,"column":110}}],"line":335},"13":{"loc":{"start":{"line":336,"column":5},"end":{"line":344,"column":39}},"type":"binary-expr","locations":[{"start":{"line":336,"column":5},"end":{"line":336,"column":15}},{"start":{"line":336,"column":20},"end":{"line":344,"column":38}}],"line":336},"14":{"loc":{"start":{"line":344,"column":127},"end":{"line":350,"column":513}},"type":"cond-expr","locations":[{"start":{"line":344,"column":157},"end":{"line":350,"column":467}},{"start":{"line":350,"column":471},"end":{"line":350,"column":513}}],"line":344},"15":{"loc":{"start":{"line":344,"column":229},"end":{"line":344,"column":333}},"type":"binary-expr","locations":[{"start":{"line":344,"column":229},"end":{"line":344,"column":239}},{"start":{"line":344,"column":244},"end":{"line":344,"column":332}}],"line":344},"16":{"loc":{"start":{"line":344,"column":384},"end":{"line":346,"column":463}},"type":"cond-expr","locations":[{"start":{"line":344,"column":406},"end":{"line":346,"column":417}},{"start":{"line":346,"column":421},"end":{"line":346,"column":463}}],"line":344},"17":{"loc":{"start":{"line":344,"column":479},"end":{"line":346,"column":29}},"type":"binary-expr","locations":[{"start":{"line":344,"column":479},"end":{"line":344,"column":489}},{"start":{"line":344,"column":494},"end":{"line":346,"column":28}}],"line":344},"18":{"loc":{"start":{"line":346,"column":465},"end":{"line":348,"column":463}},"type":"cond-expr","locations":[{"start":{"line":346,"column":487},"end":{"line":348,"column":417}},{"start":{"line":348,"column":421},"end":{"line":348,"column":463}}],"line":346},"19":{"loc":{"start":{"line":346,"column":560},"end":{"line":348,"column":29}},"type":"binary-expr","locations":[{"start":{"line":346,"column":560},"end":{"line":346,"column":570}},{"start":{"line":346,"column":575},"end":{"line":348,"column":28}}],"line":346},"20":{"loc":{"start":{"line":348,"column":465},"end":{"line":350,"column":463}},"type":"cond-expr","locations":[{"start":{"line":348,"column":487},"end":{"line":350,"column":417}},{"start":{"line":350,"column":421},"end":{"line":350,"column":463}}],"line":348},"21":{"loc":{"start":{"line":348,"column":560},"end":{"line":350,"column":29}},"type":"binary-expr","locations":[{"start":{"line":348,"column":560},"end":{"line":348,"column":570}},{"start":{"line":348,"column":575},"end":{"line":350,"column":28}}],"line":348},"22":{"loc":{"start":{"line":350,"column":515},"end":{"line":388,"column":228}},"type":"cond-expr","locations":[{"start":{"line":350,"column":554},"end":{"line":388,"column":38}},{"start":{"line":388,"column":43},"end":{"line":388,"column":227}}],"line":350},"23":{"loc":{"start":{"line":350,"column":759},"end":{"line":350,"column":854}},"type":"binary-expr","locations":[{"start":{"line":350,"column":759},"end":{"line":350,"column":769}},{"start":{"line":350,"column":774},"end":{"line":350,"column":853}}],"line":350},"24":{"loc":{"start":{"line":350,"column":856},"end":{"line":350,"column":953}},"type":"binary-expr","locations":[{"start":{"line":350,"column":856},"end":{"line":350,"column":866}},{"start":{"line":350,"column":871},"end":{"line":350,"column":952}}],"line":350},"25":{"loc":{"start":{"line":351,"column":13},"end":{"line":351,"column":74}},"type":"binary-expr","locations":[{"start":{"line":351,"column":13},"end":{"line":351,"column":22}},{"start":{"line":351,"column":27},"end":{"line":351,"column":73}}],"line":351},"26":{"loc":{"start":{"line":353,"column":6},"end":{"line":353,"column":75}},"type":"binary-expr","locations":[{"start":{"line":353,"column":6},"end":{"line":353,"column":16}},{"start":{"line":353,"column":21},"end":{"line":353,"column":74}}],"line":353},"27":{"loc":{"start":{"line":356,"column":13},"end":{"line":356,"column":70}},"type":"binary-expr","locations":[{"start":{"line":356,"column":13},"end":{"line":356,"column":22}},{"start":{"line":356,"column":27},"end":{"line":356,"column":69}}],"line":356},"28":{"loc":{"start":{"line":358,"column":6},"end":{"line":358,"column":75}},"type":"binary-expr","locations":[{"start":{"line":358,"column":6},"end":{"line":358,"column":16}},{"start":{"line":358,"column":21},"end":{"line":358,"column":74}}],"line":358},"29":{"loc":{"start":{"line":360,"column":29},"end":{"line":360,"column":143}},"type":"binary-expr","locations":[{"start":{"line":360,"column":29},"end":{"line":360,"column":39}},{"start":{"line":360,"column":44},"end":{"line":360,"column":142}}],"line":360},"30":{"loc":{"start":{"line":366,"column":706},"end":{"line":373,"column":261}},"type":"cond-expr","locations":[{"start":{"line":366,"column":772},"end":{"line":373,"column":215}},{"start":{"line":373,"column":219},"end":{"line":373,"column":261}}],"line":366},"31":{"loc":{"start":{"line":366,"column":706},"end":{"line":366,"column":768}},"type":"binary-expr","locations":[{"start":{"line":366,"column":706},"end":{"line":366,"column":733}},{"start":{"line":366,"column":737},"end":{"line":366,"column":768}}],"line":366},"32":{"loc":{"start":{"line":366,"column":845},"end":{"line":368,"column":30}},"type":"binary-expr","locations":[{"start":{"line":366,"column":845},"end":{"line":366,"column":855}},{"start":{"line":366,"column":860},"end":{"line":368,"column":29}}],"line":366},"33":{"loc":{"start":{"line":373,"column":263},"end":{"line":380,"column":253}},"type":"cond-expr","locations":[{"start":{"line":373,"column":325},"end":{"line":380,"column":207}},{"start":{"line":380,"column":211},"end":{"line":380,"column":253}}],"line":373},"34":{"loc":{"start":{"line":373,"column":263},"end":{"line":373,"column":321}},"type":"binary-expr","locations":[{"start":{"line":373,"column":263},"end":{"line":373,"column":290}},{"start":{"line":373,"column":294},"end":{"line":373,"column":321}}],"line":373},"35":{"loc":{"start":{"line":373,"column":398},"end":{"line":375,"column":31}},"type":"binary-expr","locations":[{"start":{"line":373,"column":398},"end":{"line":373,"column":408}},{"start":{"line":373,"column":413},"end":{"line":375,"column":30}}],"line":373},"36":{"loc":{"start":{"line":380,"column":255},"end":{"line":387,"column":253}},"type":"cond-expr","locations":[{"start":{"line":380,"column":317},"end":{"line":387,"column":207}},{"start":{"line":387,"column":211},"end":{"line":387,"column":253}}],"line":380},"37":{"loc":{"start":{"line":380,"column":255},"end":{"line":380,"column":313}},"type":"binary-expr","locations":[{"start":{"line":380,"column":255},"end":{"line":380,"column":282}},{"start":{"line":380,"column":286},"end":{"line":380,"column":313}}],"line":380},"38":{"loc":{"start":{"line":380,"column":390},"end":{"line":382,"column":31}},"type":"binary-expr","locations":[{"start":{"line":380,"column":390},"end":{"line":380,"column":400}},{"start":{"line":380,"column":405},"end":{"line":382,"column":30}}],"line":380},"39":{"loc":{"start":{"line":388,"column":115},"end":{"line":388,"column":226}},"type":"binary-expr","locations":[{"start":{"line":388,"column":115},"end":{"line":388,"column":125}},{"start":{"line":388,"column":130},"end":{"line":388,"column":225}}],"line":388}},"s":{"0":2,"1":2,"2":2,"3":2,"4":2,"5":2,"6":2,"7":2,"8":2,"9":2,"10":2,"11":2,"12":2,"13":2,"14":2,"15":2,"16":2,"17":2,"18":2,"19":2,"20":2,"21":2,"22":2,"23":2,"24":2,"25":2,"26":2,"27":2,"28":2,"29":2,"30":2,"31":2,"32":2,"33":2,"34":2,"35":2,"36":2,"37":2,"38":2,"39":2,"40":2,"41":2,"42":2,"43":2,"44":2,"45":2,"46":2,"47":2,"48":38,"49":38,"50":0,"51":0,"52":0,"53":1,"54":2,"55":2,"56":2,"57":2,"58":0,"59":0,"60":40,"61":2},"f":{"0":38,"1":0,"2":0,"3":0,"4":1,"5":2,"6":2,"7":2,"8":2,"9":0,"10":0,"11":40},"b":{"0":[0,0],"1":[38,11],"2":[0,0],"3":[0,0],"4":[38,11],"5":[1,1],"6":[38,11],"7":[38,11],"8":[38,11],"9":[2,0],"10":[38,11],"11":[38,11],"12":[2,0],"13":[38,11],"14":[14,24],"15":[14,9],"16":[13,1],"17":[13,9],"18":[14,0],"19":[14,9],"20":[13,1],"21":[13,9],"22":[14,24],"23":[14,9],"24":[14,9],"25":[14,9],"26":[14,9],"27":[14,9],"28":[14,9],"29":[14,9],"30":[40,0],"31":[40,3],"32":[40,9],"33":[37,3],"34":[40,3],"35":[37,9],"36":[37,3],"37":[40,3],"38":[37,9],"39":[24,11]},"inputSourceMap":{"0":"{","1":"\"","2":"v","3":"e","4":"r","5":"s","6":"i","7":"o","8":"n","9":"\"","10":":","11":"3","12":",","13":"\"","14":"s","15":"o","16":"u","17":"r","18":"c","19":"e","20":"s","21":"\"","22":":","23":"[","24":"\"","25":"/","26":"h","27":"o","28":"m","29":"e","30":"/","31":"w","32":"e","33":"e","34":"b","35":"a","36":"a","37":"y","38":"/","39":"g","40":"a","41":"m","42":"i","43":"n","44":"g","45":"_","46":"p","47":"l","48":"a","49":"t","50":"f","51":"o","52":"r","53":"m","54":"e","55":"/","56":"F","57":"r","58":"o","59":"n","60":"t","61":"e","62":"n","63":"d","64":"/","65":"m","66":"y","67":"-","68":"g","69":"a","70":"m","71":"e","72":"-","73":"p","74":"l","75":"a","76":"t","77":"f","78":"o","79":"r","80":"m","81":"/","82":"s","83":"r","84":"c","85":"/","86":"c","87":"o","88":"m","89":"p","90":"o","91":"n","92":"e","93":"n","94":"t","95":"s","96":"/","97":"L","98":"e","99":"a","100":"d","101":"e","102":"r","103":"b","104":"o","105":"a","106":"r","107":"d","108":".","109":"v","110":"u","111":"e","112":"\"","113":"]","114":",","115":"\"","116":"n","117":"a","118":"m","119":"e","120":"s","121":"\"","122":":","123":"[","124":"]","125":",","126":"\"","127":"m","128":"a","129":"p","130":"p","131":"i","132":"n","133":"g","134":"s","135":"\"","136":":","137":"\"","138":";","139":";","140":";","141":";","142":";","143":";","144":";","145":";","146":";","147":";","148":"A","149":"A","150":"k","151":"I","152":"A","153":";","154":"A","155":"A","156":"A","157":"A","158":";","159":"A","160":"A","161":"A","162":"A","163":";","164":"A","165":"A","166":"C","167":"A","168":";","169":"A","170":"A","171":"A","172":"A","173":";","174":"A","175":"A","176":"A","177":"A","178":";","179":"A","180":"A","181":"A","182":"k","183":"C","184":";","185":"A","186":"A","187":"A","188":"A","189":",","190":"i","191":"C","192":"A","193":"E","194":"n","195":"B","196":";","197":"E","198":"A","199":"C","200":"X","201":",","202":"I","203":"A","204":"A","205":"I","206":",","207":"E","208":"A","209":"A","210":"E","211":",","212":"m","213":"B","214":"A","215":"A","216":"m","217":"B","218":";","219":"E","220":"A","221":"C","222":"z","223":"B","224":",","225":"K","226":"A","227":"A","228":"K","229":",","230":"G","231":"A","232":"A","233":"G","234":";","235":"I","236":"A","237":"C","238":"J","239":",","240":"M","241":"A","242":"A","243":"M","244":",","245":"W","246":"A","247":"A","248":"W","249":";","250":"I","251":"A","252":"A","253":"G","254":";","255":"I","256":"A","257":"A","258":"A","259":";","260":"I","261":"A","262":"A","263":"A","264":";","265":"I","266":"A","267":"A","268":"A","269":";","270":"I","271":"A","272":"A","273":"A","274":";","275":"I","276":"A","277":"A","278":"A","279":",","280":"G","281":"A","282":"A","283":"G","284":",","285":"E","286":"A","287":"A","288":"C","289":",","290":"E","291":"A","292":"A","293":"E","294":",","295":"C","296":"A","297":"A","298":"C","299":";","300":"I","301":"A","302":"C","303":"3","304":"B","305":",","306":"M","307":"A","308":"A","309":"M","310":",","311":"W","312":"A","313":"A","314":"W","315":";","316":"I","317":"A","318":"A","319":"G","320":";","321":"I","322":"A","323":"A","324":"A","325":";","326":"I","327":"A","328":"A","329":"A","330":";","331":"I","332":"A","333":"A","334":"A","335":";","336":"I","337":"A","338":"A","339":"A","340":";","341":"I","342":"A","343":"A","344":"A","345":",","346":"G","347":"A","348":"A","349":"G","350":",","351":"E","352":"A","353":"A","354":"C","355":",","356":"E","357":"A","358":"A","359":"E","360":",","361":"C","362":"A","363":"A","364":"C","365":";","366":"I","367":"A","368":"C","369":"3","370":"B","371":",","372":"M","373":"A","374":"A","375":"M","376":",","377":"Y","378":"A","379":"A","380":"Y","381":";","382":"I","383":"A","384":"A","385":"G","386":";","387":"I","388":"A","389":"A","390":"A","391":";","392":"I","393":"A","394":"A","395":"A","396":";","397":"I","398":"A","399":"A","400":"A","401":";","402":"I","403":"A","404":"A","405":"A","406":";","407":"I","408":"A","409":"A","410":"A","411":",","412":"G","413":"A","414":"A","415":"G","416":",","417":"E","418":"A","419":"A","420":"C","421":",","422":"K","423":"A","424":"A","425":"K","426":",","427":"C","428":"A","429":"A","430":"C","431":";","432":"I","433":"A","434":"C","435":"/","436":"B","437":",","438":"M","439":"A","440":"A","441":"M","442":",","443":"S","444":"A","445":"A","446":"S","447":";","448":"I","449":"A","450":"A","451":"G","452":";","453":"I","454":"A","455":"A","456":"A","457":";","458":"I","459":"A","460":"A","461":"A","462":";","463":"I","464":"A","465":"A","466":"A","467":";","468":"I","469":"A","470":"A","471":"A","472":";","473":"I","474":"A","475":"A","476":"A","477":",","478":"G","479":"A","480":"A","481":"G","482":",","483":"E","484":"A","485":"A","486":"C","487":",","488":"W","489":"A","490":"A","491":"W","492":",","493":"C","494":"A","495":"A","496":"C","497":";","498":"I","499":"A","500":"C","501":"l","502":"C","503":",","504":"M","505":"A","506":"A","507":"M","508":",","509":"S","510":"A","511":"A","512":"S","513":";","514":"I","515":"A","516":"A","517":"G","518":";","519":"I","520":"A","521":"A","522":"A","523":";","524":"I","525":"A","526":"A","527":"A","528":";","529":"I","530":"A","531":"A","532":"A","533":";","534":"I","535":"A","536":"A","537":"A","538":";","539":"I","540":"A","541":"A","542":"A","543":",","544":"G","545":"A","546":"A","547":"G","548":",","549":"E","550":"A","551":"A","552":"C","553":",","554":"M","555":"A","556":"A","557":"M","558":",","559":"C","560":"A","561":"A","562":"C","563":";","564":"I","565":"A","566":"C","567":"7","568":"B","569":",","570":"M","571":"A","572":"A","573":"M","574":",","575":"Y","576":"A","577":"A","578":"Y","579":";","580":"I","581":"A","582":"A","583":"G","584":";","585":"I","586":"A","587":"A","588":"A","589":";","590":"I","591":"A","592":"A","593":"A","594":";","595":"I","596":"A","597":"A","598":"A","599":";","600":"I","601":"A","602":"A","603":"A","604":";","605":"I","606":"A","607":"A","608":"A","609":",","610":"G","611":"A","612":"A","613":"G","614":",","615":"E","616":"A","617":"A","618":"C","619":",","620":"K","621":"A","622":"A","623":"K","624":",","625":"C","626":"A","627":"A","628":"C","629":";","630":"I","631":"A","632":"C","633":"/","634":"B","635":",","636":"M","637":"A","638":"A","639":"M","640":",","641":"W","642":"A","643":"A","644":"W","645":";","646":"I","647":"A","648":"A","649":"G","650":";","651":"I","652":"A","653":"A","654":"A","655":";","656":"I","657":"A","658":"A","659":"A","660":";","661":"I","662":"A","663":"A","664":"A","665":";","666":"I","667":"A","668":"A","669":"A","670":";","671":"I","672":"A","673":"A","674":"A","675":",","676":"G","677":"A","678":"A","679":"G","680":",","681":"E","682":"A","683":"A","684":"C","685":",","686":"Y","687":"A","688":"A","689":"Y","690":",","691":"C","692":"A","693":"A","694":"C","695":",","696":"O","697":"A","698":"A","699":"O","700":",","701":"C","702":"A","703":"A","704":"C","705":",","706":"U","707":"A","708":"A","709":"U","710":",","711":"C","712":"A","713":"A","714":"C","715":",","716":"C","717":"A","718":"A","719":"C","720":";","721":"I","722":"A","723":"E","724":"z","725":"D","726":",","727":"M","728":"A","729":"A","730":"M","731":",","732":"g","733":"B","734":"A","735":"A","736":"g","737":"B","738":",","739":"G","740":"A","741":"A","742":"G","743":",","744":"Y","745":"A","746":"A","747":"Y","748":";","749":"M","750":"A","751":"C","752":"j","753":"C","754":",","755":"I","756":"A","757":"A","758":"I","759":";","760":"Q","761":"A","762":"C","763":"A","764":",","765":"Y","766":"A","767":"A","768":"Y","769":",","770":"C","771":"A","772":"A","773":"C","774":",","775":"K","776":"A","777":"A","778":"K","779":",","780":"G","781":"A","782":"A","783":"G","784":",","785":"I","786":"A","787":"A","788":"I","789":";","790":"Q","791":"A","792":"C","793":"z","794":"B","795":",","796":"M","797":"A","798":"A","799":"M","800":",","801":"Q","802":"A","803":"A","804":"Q","805":",","806":"G","807":"A","808":"A","809":"G","810":",","811":"M","812":"A","813":"A","814":"M","815":";","816":"Q","817":"A","818":"A","819":"A","820":";","821":"Q","822":"A","823":"A","824":"A","825":",","826":"O","827":"A","828":"A","829":"G","830":",","831":"C","832":"A","833":"A","834":"C","835":",","836":"G","837":"A","838":"A","839":"G","840":",","841":"C","842":"A","843":"A","844":"C","845":",","846":"c","847":"A","848":"A","849":"c","850":",","851":"C","852":"A","853":"A","854":"C","855":";","856":"Q","857":"A","858":"C","859":"9","860":"C","861":",","862":"W","863":"A","864":"A","865":"W","866":",","867":"C","868":"A","869":"A","870":"C","871":",","872":"K","873":"A","874":"A","875":"K","876":",","877":"G","878":"A","879":"A","880":"G","881":",","882":"Q","883":"A","884":"A","885":"Q","886":",","887":"C","888":"A","889":"A","890":"C","891":",","892":"I","893":"A","894":"A","895":"I","896":";","897":"M","898":"A","899":"C","900":"r","901":"C","902":",","903":"C","904":"A","905":"A","906":"C","907":",","908":"C","909":"A","910":"A","911":"C","912":",","913":"O","914":"A","915":"A","916":"O","917":",","918":"K","919":"A","920":"A","921":"K","922":",","923":"E","924":"A","925":"A","926":"E","927":";","928":"Q","929":"A","930":"C","931":"Z","932":",","933":"O","934":"A","935":"A","936":"O","937":",","938":"C","939":"A","940":"A","941":"C","942":",","943":"K","944":"A","945":"A","946":"K","947":",","948":"C","949":"A","950":"A","951":"C","952":",","953":"8","954":"C","955":"A","956":"A","957":"8","958":"C","959":",","960":"E","961":"A","962":"A","963":"E","964":",","965":"K","966":"A","967":"A","968":"K","969":",","970":"C","971":"A","972":"A","973":"C","974":";","975":"M","976":"A","977":"C","978":"x","979":"E","980":",","981":"C","982":"A","983":"A","984":"C","985":",","986":"S","987":"A","988":"A","989":"S","990":";","991":"Q","992":"A","993":"C","994":"N","995":",","996":"Y","997":"A","998":"A","999":"Y","1000":",","1001":"C","1002":"A","1003":"A","1004":"C","1005":",","1006":"K","1007":"A","1008":"A","1009":"K","1010":",","1011":"G","1012":"A","1013":"A","1014":"G","1015":",","1016":"K","1017":"A","1018":"A","1019":"K","1020":";","1021":"M","1022":"A","1023":"C","1024":"9","1025":"B","1026":";","1027":"I","1028":"A","1029":"C","1030":"J","1031":",","1032":"C","1033":"A","1034":"A","1035":"C","1036":";","1037":"I","1038":"A","1039":"E","1040":"D","1041":",","1042":"M","1043":"A","1044":"A","1045":"M","1046":",","1047":"c","1048":"A","1049":"A","1050":"c","1051":",","1052":"G","1053":"A","1054":"A","1055":"I","1056":",","1057":"M","1058":"A","1059":"A","1060":"M","1061":",","1062":"I","1063":"A","1064":"A","1065":"K","1066":";","1067":"M","1068":"A","1069":"C","1070":"/","1071":"B","1072":",","1073":"M","1074":"A","1075":"A","1076":"M","1077":",","1078":"K","1079":"A","1080":"A","1081":"K","1082":",","1083":"G","1084":"A","1085":"A","1086":"G","1087":",","1088":"M","1089":"A","1090":"A","1091":"M","1092":",","1093":"C","1094":"A","1095":"A","1096":"C","1097":",","1098":"S","1099":"A","1100":"A","1101":"S","1102":",","1103":"G","1104":"A","1105":"A","1106":"G","1107":",","1108":"M","1109":"A","1110":"A","1111":"M","1112":",","1113":"C","1114":"A","1115":"A","1116":"C","1117":",","1118":"Q","1119":"A","1120":"A","1121":"Q","1122":";","1123":"M","1124":"A","1125":"C","1126":"h","1127":"D","1128":",","1129":"I","1130":"A","1131":"A","1132":"I","1133":",","1134":"K","1135":"A","1136":"A","1137":"K","1138":",","1139":"K","1140":"A","1141":"A","1142":"K","1143":",","1144":"C","1145":"A","1146":"A","1147":"C","1148":",","1149":"E","1150":"A","1151":"A","1152":"E","1153":",","1154":"O","1155":"A","1156":"A","1157":"O","1158":",","1159":"I","1160":"A","1161":"A","1162":"I","1163":";","1164":"M","1165":"A","1166":"C","1167":"5","1168":"B","1169":",","1170":"O","1171":"A","1172":"A","1173":"O","1174":",","1175":"I","1176":"A","1177":"A","1178":"I","1179":",","1180":"C","1181":"A","1182":"A","1183":"C","1184":",","1185":"K","1186":"A","1187":"A","1188":"K","1189":",","1190":"C","1191":"A","1192":"A","1193":"E","1194":",","1195":"M","1196":"A","1197":"A","1198":"M","1199":",","1200":"C","1201":"A","1202":"A","1203":"C","1204":",","1205":"S","1206":"A","1207":"A","1208":"S","1209":",","1210":"G","1211":"A","1212":"A","1213":"G","1214":",","1215":"K","1216":"A","1217":"A","1218":"K","1219":",","1220":"G","1221":"A","1222":"A","1223":"I","1224":",","1225":"G","1226":"A","1227":"A","1228":"G","1229":",","1230":"C","1231":"A","1232":"A","1233":"C","1234":",","1235":"G","1236":"A","1237":"A","1238":"G","1239":",","1240":"G","1241":"A","1242":"A","1243":"G","1244":";","1245":"I","1246":"A","1247":"C","1248":"7","1249":"D","1250":",","1251":"C","1252":"A","1253":"A","1254":"C","1255":";","1256":"I","1257":"A","1258":"E","1259":"D","1260":",","1261":"M","1262":"A","1263":"A","1264":"M","1265":",","1266":"g","1267":"B","1268":"A","1269":"A","1270":"g","1271":"B","1272":",","1273":"G","1274":"A","1275":"A","1276":"G","1277":",","1278":"C","1279":"A","1280":"A","1281":"C","1282":",","1283":"I","1284":"A","1285":"A","1286":"I","1287":",","1288":"E","1289":"A","1290":"A","1291":"E","1292":",","1293":"M","1294":"A","1295":"A","1296":"M","1297":",","1298":"K","1299":"A","1300":"A","1301":"K","1302":";","1303":"M","1304":"A","1305":"C","1306":"v","1307":"C","1308":",","1309":"M","1310":"A","1311":"A","1312":"M","1313":",","1314":"K","1315":"A","1316":"A","1317":"K","1318":",","1319":"G","1320":"A","1321":"A","1322":"G","1323":",","1324":"I","1325":"A","1326":"A","1327":"I","1328":",","1329":"G","1330":"A","1331":"A","1332":"G","1333":",","1334":"M","1335":"A","1336":"A","1337":"M","1338":";","1339":"M","1340":"A","1341":"C","1342":"3","1343":"B","1344":",","1345":"I","1346":"A","1347":"A","1348":"I","1349":",","1350":"K","1351":"A","1352":"A","1353":"K","1354":",","1355":"K","1356":"A","1357":"A","1358":"K","1359":",","1360":"C","1361":"A","1362":"A","1363":"C","1364":",","1365":"E","1366":"A","1367":"A","1368":"E","1369":",","1370":"O","1371":"A","1372":"A","1373":"O","1374":",","1375":"C","1376":"A","1377":"A","1378":"C","1379":";","1380":"M","1381":"A","1382":"C","1383":"z","1384":"B","1385":",","1386":"O","1387":"A","1388":"A","1389":"O","1390":",","1391":"I","1392":"A","1393":"A","1394":"I","1395":",","1396":"C","1397":"A","1398":"A","1399":"C","1400":",","1401":"K","1402":"A","1403":"A","1404":"K","1405":",","1406":"C","1407":"A","1408":"A","1409":"E","1410":",","1411":"I","1412":"A","1413":"A","1414":"I","1415":",","1416":"G","1417":"A","1418":"A","1419":"G","1420":",","1421":"K","1422":"A","1423":"A","1424":"K","1425":",","1426":"G","1427":"A","1428":"A","1429":"I","1430":",","1431":"G","1432":"A","1433":"A","1434":"G","1435":",","1436":"C","1437":"A","1438":"A","1439":"C","1440":";","1441":"I","1442":"A","1443":"C","1444":"3","1445":"C","1446":",","1447":"C","1448":"A","1449":"A","1450":"C","1451":";","1452":"I","1453":"A","1454":"E","1455":"D","1456":",","1457":"M","1458":"A","1459":"A","1460":"M","1461":",","1462":"m","1463":"B","1464":"A","1465":"A","1466":"m","1467":"B","1468":";","1469":"I","1470":"A","1471":"A","1472":"G","1473":";","1474":"I","1475":"A","1476":"A","1477":"A","1478":";","1479":"I","1480":"A","1481":"A","1482":"A","1483":";","1484":"I","1485":"A","1486":"A","1487":"A","1488":";","1489":"I","1490":"A","1491":"A","1492":"A","1493":";","1494":"I","1495":"A","1496":"A","1497":"A","1498":",","1499":"Q","1500":"A","1501":"A","1502":"Q","1503":",","1504":"E","1505":"A","1506":"A","1507":"C","1508":",","1509":"M","1510":"A","1511":"A","1512":"M","1513":";","1514":"M","1515":"A","1516":"C","1517":"v","1518":"C","1519":",","1520":"I","1521":"A","1522":"A","1523":"I","1524":",","1525":"Q","1526":"A","1527":"A","1528":"Q","1529":",","1530":"G","1531":"A","1532":"A","1533":"G","1534":",","1535":"C","1536":"A","1537":"A","1538":"C","1539":",","1540":"G","1541":"A","1542":"A","1543":"G","1544":",","1545":"W","1546":"A","1547":"A","1548":"W","1549":",","1550":"C","1551":"A","1552":"A","1553":"C","1554":",","1555":"K","1556":"A","1557":"A","1558":"K","1559":",","1560":"C","1561":"A","1562":"A","1563":"C","1564":";","1565":"M","1566":"A","1567":"E","1568":"r","1569":"C","1570":",","1571":"I","1572":"A","1573":"A","1574":"I","1575":",","1576":"W","1577":"A","1578":"A","1579":"W","1580":",","1581":"C","1582":"A","1583":"A","1584":"C","1585":",","1586":"K","1587":"A","1588":"A","1589":"K","1590":",","1591":"E","1592":"A","1593":"A","1594":"E","1595":";","1596":"Q","1597":"A","1598":"C","1599":"n","1600":"B","1601":",","1602":"Q","1603":"A","1604":"A","1605":"Q","1606":",","1607":"G","1608":"A","1609":"A","1610":"G","1611":",","1612":"Q","1613":"A","1614":"A","1615":"Q","1616":",","1617":"C","1618":"A","1619":"A","1620":"C","1621":",","1622":"M","1623":"A","1624":"A","1625":"M","1626":",","1627":"C","1628":"A","1629":"A","1630":"C","1631":",","1632":"M","1633":"A","1634":"A","1635":"M","1636":",","1637":"I","1638":"A","1639":"C","1640":"7","1641":"B","1642":",","1643":"M","1644":"A","1645":"A","1646":"M","1647":",","1648":"C","1649":"A","1650":"A","1651":"C","1652":",","1653":"Q","1654":"A","1655":"A","1656":"Q","1657":",","1658":"C","1659":"A","1660":"A","1661":"C","1662":",","1663":"W","1664":"A","1665":"A","1666":"W","1667":",","1668":"C","1669":"A","1670":"A","1671":"C","1672":",","1673":"C","1674":"A","1675":"A","1676":"C","1677":",","1678":"C","1679":"A","1680":"A","1681":"C","1682":",","1683":"Q","1684":"A","1685":"A","1686":"Q","1687":",","1688":"C","1689":"A","1690":"A","1691":"C","1692":",","1693":"W","1694":"A","1695":"A","1696":"W","1697":",","1698":"C","1699":"A","1700":"A","1701":"C","1702":",","1703":"K","1704":"A","1705":"A","1706":"K","1707":",","1708":"C","1709":"A","1710":"A","1711":"C","1712":",","1713":"W","1714":"A","1715":"A","1716":"W","1717":",","1718":"C","1719":"A","1720":"A","1721":"C","1722":",","1723":"C","1724":"A","1725":"A","1726":"C","1727":",","1728":"C","1729":"A","1730":"C","1731":"1","1732":"E","1733":",","1734":"C","1735":"A","1736":"A","1737":"C","1738":";","1739":"M","1740":"A","1741":"C","1742":"L","1743":";","1744":"M","1745":"A","1746":"E","1747":"A","1748":",","1749":"I","1750":"A","1751":"A","1752":"I","1753":",","1754":"Y","1755":"A","1756":"A","1757":"Y","1758":",","1759":"C","1760":"A","1761":"A","1762":"C","1763":",","1764":"K","1765":"A","1766":"A","1767":"K","1768":",","1769":"K","1770":"A","1771":"A","1772":"K","1773":",","1774":"K","1775":"A","1776":"A","1777":"K","1778":",","1779":"E","1780":"A","1781":"A","1782":"E","1783":";","1784":"Q","1785":"A","1786":"C","1787":"9","1788":"B","1789":",","1790":"Q","1791":"A","1792":"A","1793":"Q","1794":",","1795":"G","1796":"A","1797":"A","1798":"G","1799":",","1800":"Q","1801":"A","1802":"A","1803":"Q","1804":",","1805":"C","1806":"A","1807":"A","1808":"C","1809":",","1810":"M","1811":"A","1812":"A","1813":"M","1814":",","1815":"C","1816":"A","1817":"A","1818":"C","1819":",","1820":"M","1821":"A","1822":"A","1823":"M","1824":",","1825":"I","1826":"A","1827":"A","1828":"I","1829":";","1830":"U","1831":"A","1832":"C","1833":"j","1834":"C","1835":",","1836":"M","1837":"A","1838":"A","1839":"M","1840":",","1841":"S","1842":"A","1843":"A","1844":"S","1845":",","1846":"G","1847":"A","1848":"A","1849":"G","1850":";","1851":"Y","1852":"A","1853":"C","1854":"d","1855":",","1856":"O","1857":"A","1858":"A","1859":"O","1860":",","1861":"E","1862":"A","1863":"A","1864":"E","1865":",","1866":"M","1867":"A","1868":"A","1869":"M","1870":",","1871":"C","1872":"A","1873":"A","1874":"C","1875":",","1876":"i","1877":"B","1878":"A","1879":"A","1880":"i","1881":"B","1882":",","1883":"G","1884":"A","1885":"A","1886":"G","1887":",","1888":"M","1889":"A","1890":"A","1891":"M","1892":",","1893":"C","1894":"A","1895":"A","1896":"C","1897":",","1898":"g","1899":"B","1900":"A","1901":"A","1902":"g","1903":"B","1904":";","1905":"Y","1906":"A","1907":"C","1908":"3","1909":"D","1910":",","1911":"G","1912":"A","1913":"A","1914":"G","1915":",","1916":"E","1917":"A","1918":"A","1919":"E","1920":",","1921":"M","1922":"A","1923":"A","1924":"M","1925":",","1926":"C","1927":"A","1928":"A","1929":"C","1930":",","1931":"a","1932":"A","1933":"A","1934":"a","1935":",","1936":"G","1937":"A","1938":"A","1939":"G","1940":",","1941":"M","1942":"A","1943":"A","1944":"M","1945":",","1946":"C","1947":"A","1948":"A","1949":"C","1950":",","1951":"Y","1952":"A","1953":"A","1954":"Y","1955":";","1956":"Y","1957":"A","1958":"C","1959":"/","1960":"C","1961":",","1962":"G","1963":"A","1964":"A","1965":"G","1966":",","1967":"E","1968":"A","1969":"A","1970":"E","1971":",","1972":"M","1973":"A","1974":"A","1975":"M","1976":",","1977":"C","1978":"A","1979":"A","1980":"C","1981":",","1982":"a","1983":"A","1984":"A","1985":"a","1986":",","1987":"G","1988":"A","1989":"A","1990":"G","1991":",","1992":"M","1993":"A","1994":"A","1995":"M","1996":",","1997":"C","1998":"A","1999":"A","2000":"C","2001":";","2002":"U","2003":"A","2004":"C","2005":"v","2006":"C","2007":",","2008":"C","2009":"A","2010":"A","2011":"C","2012":";","2013":"U","2014":"A","2015":"C","2016":"D","2017":",","2018":"O","2019":"A","2020":"A","2021":"O","2022":",","2023":"S","2024":"A","2025":"A","2026":"S","2027":",","2028":"C","2029":"A","2030":"A","2031":"C","2032":",","2033":"Y","2034":"A","2035":"A","2036":"Y","2037":",","2038":"C","2039":"A","2040":"A","2041":"C","2042":",","2043":"K","2044":"A","2045":"A","2046":"K","2047":",","2048":"C","2049":"A","2050":"A","2051":"C","2052":",","2053":"G","2054":"A","2055":"A","2056":"G","2057":",","2058":"C","2059":"A","2060":"A","2061":"C","2062":";","2063":"Q","2064":"A","2065":"C","2066":"5","2067":"C","2068":",","2069":"C","2070":"A","2071":"A","2072":"C","2073":",","2074":"C","2075":"A","2076":"A","2077":"C","2078":";","2079":"M","2080":"A","2081":"C","2082":"N","2083":";","2084":"M","2085":"A","2086":"E","2087":"A","2088":",","2089":"O","2090":"A","2091":"A","2092":"O","2093":",","2094":"Q","2095":"A","2096":"A","2097":"Q","2098":",","2099":"C","2100":"A","2101":"A","2102":"C","2103":",","2104":"I","2105":"A","2106":"A","2107":"I","2108":",","2109":"C","2110":"A","2111":"A","2112":"C","2113":",","2114":"C","2115":"A","2116":"A","2117":"C","2118":",","2119":"C","2120":"A","2121":"A","2122":"C","2123":",","2124":"E","2125":"A","2126":"A","2127":"E","2128":",","2129":"C","2130":"A","2131":"A","2132":"C","2133":",","2134":"K","2135":"A","2136":"A","2137":"K","2138":";","2139":"Q","2140":"A","2141":"C","2142":"3","2143":"B","2144":",","2145":"I","2146":"A","2147":"A","2148":"I","2149":",","2150":"S","2151":"A","2152":"A","2153":"S","2154":",","2155":"C","2156":"A","2157":"A","2158":"C","2159":",","2160":"K","2161":"A","2162":"A","2163":"K","2164":",","2165":"K","2166":"A","2167":"A","2168":"K","2169":",","2170":"O","2171":"A","2172":"A","2173":"O","2174":",","2175":"E","2176":"A","2177":"A","2178":"E","2179":";","2180":"U","2181":"A","2182":"C","2183":"7","2184":"B","2185":",","2186":"M","2187":"A","2188":"A","2189":"M","2190":",","2191":"M","2192":"A","2193":"A","2194":"M","2195":",","2196":"G","2197":"A","2198":"A","2199":"G","2200":",","2201":"g","2202":"B","2203":"A","2204":"A","2205":"g","2206":"B","2207":",","2208":"C","2209":"A","2210":"A","2211":"C","2212":",","2213":"C","2214":"A","2215":"A","2216":"C","2217":",","2218":"C","2219":"A","2220":"A","2221":"C","2222":",","2223":"S","2224":"A","2225":"A","2226":"S","2227":",","2228":"E","2229":"A","2230":"A","2231":"E","2232":",","2233":"C","2234":"A","2235":"A","2236":"C","2237":",","2238":"C","2239":"A","2240":"A","2241":"C","2242":",","2243":"Q","2244":"A","2245":"A","2246":"Q","2247":",","2248":"C","2249":"A","2250":"A","2251":"C","2252":";","2253":"U","2254":"A","2255":"C","2256":"x","2257":"D","2258":",","2259":"M","2260":"A","2261":"A","2262":"M","2263":",","2264":"M","2265":"A","2266":"A","2267":"M","2268":",","2269":"G","2270":"A","2271":"A","2272":"G","2273":",","2274":"g","2275":"B","2276":"A","2277":"A","2278":"g","2279":"B","2280":",","2281":"C","2282":"A","2283":"A","2284":"C","2285":",","2286":"C","2287":"A","2288":"A","2289":"C","2290":",","2291":"C","2292":"A","2293":"A","2294":"C","2295":",","2296":"S","2297":"A","2298":"A","2299":"S","2300":",","2301":"E","2302":"A","2303":"A","2304":"E","2305":",","2306":"C","2307":"A","2308":"A","2309":"C","2310":",","2311":"C","2312":"A","2313":"A","2314":"C","2315":",","2316":"Q","2317":"A","2318":"A","2319":"Q","2320":",","2321":"C","2322":"A","2323":"A","2324":"C","2325":";","2326":"U","2327":"A","2328":"C","2329":"x","2330":"D","2331":",","2332":"O","2333":"A","2334":"A","2335":"O","2336":",","2337":"S","2338":"A","2339":"A","2340":"S","2341":",","2342":"C","2343":"A","2344":"A","2345":"C","2346":",","2347":"K","2348":"A","2349":"A","2350":"K","2351":",","2352":"K","2353":"A","2354":"A","2355":"K","2356":",","2357":"M","2358":"A","2359":"A","2360":"M","2361":",","2362":"G","2363":"A","2364":"A","2365":"G","2366":",","2367":"M","2368":"A","2369":"A","2370":"M","2371":",","2372":"G","2373":"A","2374":"A","2375":"G","2376":",","2377":"M","2378":"A","2379":"A","2380":"M","2381":",","2382":"G","2383":"A","2384":"A","2385":"G","2386":",","2387":"M","2388":"A","2389":"A","2390":"M","2391":",","2392":"G","2393":"A","2394":"A","2395":"G","2396":",","2397":"M","2398":"A","2399":"A","2400":"M","2401":";","2402":"Q","2403":"A","2404":"C","2405":"z","2406":"E","2407":";","2408":"Q","2409":"A","2410":"C","2411":"A","2412":",","2413":"O","2414":"A","2415":"A","2416":"O","2417":",","2418":"S","2419":"A","2420":"A","2421":"S","2422":",","2423":"C","2424":"A","2425":"A","2426":"C","2427":",","2428":"K","2429":"A","2430":"A","2431":"K","2432":",","2433":"K","2434":"A","2435":"A","2436":"K","2437":",","2438":"M","2439":"A","2440":"A","2441":"M","2442":",","2443":"G","2444":"A","2445":"C","2446":"3","2447":"B","2448":",","2449":"C","2450":"A","2451":"A","2452":"C","2453":",","2454":"C","2455":"A","2456":"A","2457":"C","2458":",","2459":"S","2460":"A","2461":"A","2462":"S","2463":",","2464":"C","2465":"A","2466":"A","2467":"C","2468":",","2469":"K","2470":"A","2471":"A","2472":"K","2473":",","2474":"C","2475":"A","2476":"A","2477":"C","2478":",","2479":"G","2480":"A","2481":"A","2482":"G","2483":",","2484":"C","2485":"A","2486":"A","2487":"C","2488":",","2489":"C","2490":"A","2491":"A","2492":"C","2493":",","2494":"S","2495":"A","2496":"A","2497":"S","2498":",","2499":"C","2500":"A","2501":"A","2502":"C","2503":",","2504":"K","2505":"A","2506":"A","2507":"K","2508":",","2509":"C","2510":"A","2511":"A","2512":"C","2513":",","2514":"G","2515":"A","2516":"C","2517":"v","2518":"C","2519":",","2520":"C","2521":"A","2522":"A","2523":"C","2524":",","2525":"C","2526":"A","2527":"A","2528":"C","2529":",","2530":"S","2531":"A","2532":"A","2533":"S","2534":",","2535":"C","2536":"A","2537":"A","2538":"C","2539":",","2540":"K","2541":"A","2542":"A","2543":"K","2544":",","2545":"C","2546":"A","2547":"A","2548":"C","2549":",","2550":"G","2551":"A","2552":"A","2553":"G","2554":",","2555":"C","2556":"A","2557":"A","2558":"C","2559":",","2560":"C","2561":"A","2562":"A","2563":"C","2564":",","2565":"S","2566":"A","2567":"A","2568":"S","2569":",","2570":"C","2571":"A","2572":"A","2573":"C","2574":",","2575":"K","2576":"A","2577":"A","2578":"K","2579":",","2580":"C","2581":"A","2582":"A","2583":"C","2584":";","2585":"M","2586":"A","2587":"C","2588":"j","2589":"D","2590":",","2591":"C","2592":"A","2593":"A","2594":"C","2595":",","2596":"C","2597":"A","2598":"A","2599":"C","2600":";","2601":"I","2602":"A","2603":"C","2604":"N","2605":",","2606":"C","2607":"A","2608":"A","2609":"C","2610":",","2611":"C","2612":"A","2613":"A","2614":"C","2615":";","2616":"I","2617":"A","2618":"E","2619":"F","2620":",","2621":"M","2622":"A","2623":"A","2624":"M","2625":",","2626":"U","2627":"A","2628":"A","2629":"U","2630":";","2631":"I","2632":"A","2633":"A","2634":"G","2635":";","2636":"I","2637":"A","2638":"A","2639":"A","2640":";","2641":"I","2642":"A","2643":"A","2644":"A","2645":";","2646":"I","2647":"A","2648":"A","2649":"A","2650":";","2651":"I","2652":"A","2653":"A","2654":"A","2655":";","2656":"I","2657":"A","2658":"A","2659":"A","2660":",","2661":"Q","2662":"A","2663":"A","2664":"Q","2665":",","2666":"E","2667":"A","2668":"A","2669":"C","2670":",","2671":"M","2672":"A","2673":"A","2674":"M","2675":";","2676":"M","2677":"A","2678":"C","2679":"9","2680":"B","2681":",","2682":"O","2683":"A","2684":"A","2685":"O","2686":",","2687":"m","2688":"B","2689":"A","2690":"A","2691":"m","2692":"B","2693":",","2694":"C","2695":"A","2696":"A","2697":"C","2698":",","2699":"K","2700":"A","2701":"A","2702":"K","2703":",","2704":"C","2705":"A","2706":"A","2707":"C","2708":",","2709":"K","2710":"A","2711":"A","2712":"K","2713":",","2714":"C","2715":"A","2716":"A","2717":"C","2718":",","2719":"C","2720":"A","2721":"A","2722":"C","2723":",","2724":"E","2725":"A","2726":"A","2727":"E","2728":",","2729":"C","2730":"A","2731":"A","2732":"C","2733":",","2734":"C","2735":"A","2736":"A","2737":"C","2738":";","2739":"I","2740":"A","2741":"C","2742":"h","2743":"D","2744":",","2745":"C","2746":"A","2747":"A","2748":"C","2749":",","2750":"C","2751":"A","2752":"A","2753":"C","2754":";","2755":"I","2756":"A","2757":"E","2758":"F","2759":",","2760":"M","2761":"A","2762":"A","2763":"M","2764":",","2765":"M","2766":"A","2767":"A","2768":"M","2769":",","2770":"G","2771":"A","2772":"A","2773":"I","2774":",","2775":"K","2776":"A","2777":"A","2778":"K","2779":",","2780":"I","2781":"A","2782":"A","2783":"K","2784":";","2785":"M","2786":"A","2787":"C","2788":"t","2789":"B","2790":",","2791":"I","2792":"A","2793":"A","2794":"I","2795":",","2796":"S","2797":"A","2798":"A","2799":"S","2800":",","2801":"C","2802":"A","2803":"A","2804":"C","2805":",","2806":"K","2807":"A","2808":"A","2809":"K","2810":",","2811":"K","2812":"A","2813":"A","2814":"K","2815":",","2816":"K","2817":"A","2818":"A","2819":"K","2820":",","2821":"E","2822":"A","2823":"A","2824":"E","2825":";","2826":"Q","2827":"A","2828":"C","2829":"3","2830":"B","2831":",","2832":"S","2833":"A","2834":"A","2835":"S","2836":",","2837":"C","2838":"A","2839":"A","2840":"C","2841":",","2842":"K","2843":"A","2844":"A","2845":"K","2846":",","2847":"G","2848":"A","2849":"A","2850":"G","2851":",","2852":"S","2853":"A","2854":"A","2855":"S","2856":",","2857":"C","2858":"A","2859":"A","2860":"C","2861":",","2862":"K","2863":"A","2864":"A","2865":"K","2866":",","2867":"K","2868":"A","2869":"A","2870":"K","2871":",","2872":"K","2873":"A","2874":"A","2875":"K","2876":",","2877":"G","2878":"A","2879":"A","2880":"G","2881":",","2882":"M","2883":"A","2884":"A","2885":"M","2886":",","2887":"G","2888":"A","2889":"A","2890":"G","2891":",","2892":"K","2893":"A","2894":"A","2895":"K","2896":";","2897":"M","2898":"A","2899":"C","2900":"h","2901":"E","2902":",","2903":"C","2904":"A","2905":"A","2906":"C","2907":",","2908":"M","2909":"A","2910":"A","2911":"M","2912":";","2913":"Q","2914":"A","2915":"C","2916":"H","2917":",","2918":"S","2919":"A","2920":"A","2921":"S","2922":",","2923":"C","2924":"A","2925":"A","2926":"C","2927":",","2928":"K","2929":"A","2930":"A","2931":"K","2932":",","2933":"G","2934":"A","2935":"A","2936":"G","2937":",","2938":"K","2939":"A","2940":"A","2941":"K","2942":";","2943":"Q","2944":"A","2945":"C","2946":"v","2947":"B","2948":",","2949":"S","2950":"A","2951":"A","2952":"S","2953":",","2954":"C","2955":"A","2956":"A","2957":"C","2958":",","2959":"K","2960":"A","2961":"A","2962":"K","2963":",","2964":"G","2965":"A","2966":"A","2967":"G","2968":",","2969":"M","2970":"A","2971":"A","2972":"M","2973":";","2974":"M","2975":"A","2976":"C","2977":"5","2978":"B","2979":";","2980":"I","2981":"A","2982":"C","2983":"J","2984":",","2985":"C","2986":"A","2987":"A","2988":"C","2989":";","2990":"I","2991":"A","2992":"E","2993":"D","2994":",","2995":"M","2996":"A","2997":"A","2998":"M","2999":",","3000":"W","3001":"A","3002":"A","3003":"W","3004":",","3005":"G","3006":"A","3007":"A","3008":"I","3009":",","3010":"K","3011":"A","3012":"A","3013":"K","3014":",","3015":"I","3016":"A","3017":"A","3018":"K","3019":";","3020":"M","3021":"A","3022":"C","3023":"3","3024":"B","3025":",","3026":"I","3027":"A","3028":"A","3029":"I","3030":",","3031":"S","3032":"A","3033":"A","3034":"S","3035":",","3036":"C","3037":"A","3038":"A","3039":"C","3040":",","3041":"K","3042":"A","3043":"A","3044":"K","3045":",","3046":"K","3047":"A","3048":"A","3049":"K","3050":",","3051":"K","3052":"A","3053":"A","3054":"K","3055":",","3056":"E","3057":"A","3058":"A","3059":"E","3060":",","3061":"O","3062":"A","3063":"A","3064":"O","3065":",","3066":"S","3067":"A","3068":"A","3069":"S","3070":";","3071":"M","3072":"A","3073":"C","3074":"/","3075":"C","3076":",","3077":"O","3078":"A","3079":"A","3080":"O","3081":",","3082":"S","3083":"A","3084":"A","3085":"S","3086":",","3087":"C","3088":"A","3089":"A","3090":"C","3091":",","3092":"K","3093":"A","3094":"A","3095":"K","3096":",","3097":"K","3098":"A","3099":"A","3100":"K","3101":",","3102":"K","3103":"A","3104":"A","3105":"K","3106":",","3107":"G","3108":"A","3109":"A","3110":"G","3111":",","3112":"Y","3113":"A","3114":"A","3115":"Y","3116":",","3117":"G","3118":"A","3119":"A","3120":"G","3121":",","3122":"c","3123":"A","3124":"A","3125":"c","3126":";","3127":"I","3128":"A","3129":"C","3130":"p","3131":"E","3132":",","3133":"C","3134":"A","3135":"A","3136":"C","3137":";","3138":"I","3139":"A","3140":"E","3141":"D","3142":";","3143":"I","3144":"A","3145":"A","3146":"A","3147":";","3148":"I","3149":"A","3150":"A","3151":"A","3152":";","3153":"I","3154":"A","3155":"A","3156":"A","3157":";","3158":"I","3159":"A","3160":"A","3161":"A","3162":";","3163":"I","3164":"A","3165":"A","3166":"A","3167":",","3168":"S","3169":"A","3170":"A","3171":"S","3172":",","3173":"E","3174":"A","3175":"A","3176":"C","3177":",","3178":"g","3179":"B","3180":"A","3181":"A","3182":"g","3183":"B","3184":",","3185":"C","3186":"A","3187":"A","3188":"C","3189":";","3190":"I","3191":"A","3192":"E","3193":"3","3194":"B","3195":",","3196":"O","3197":"A","3198":"A","3199":"O","3200":";","3201":"M","3202":"A","3203":"C","3204":"H","3205":",","3206":"W","3207":"A","3208":"A","3209":"W","3210":";","3211":"M","3212":"A","3213":"C","3214":"X","3215":",","3216":"m","3217":"B","3218":"A","3219":"A","3220":"m","3221":"B","3222":";","3223":"M","3224":"A","3225":"C","3226":"n","3227":"B","3228":",","3229":"U","3230":"A","3231":"A","3232":"U","3233":";","3234":"M","3235":"A","3236":"C","3237":"V","3238":",","3239":"W","3240":"A","3241":"A","3242":"W","3243":";","3244":"M","3245":"A","3246":"C","3247":"X","3248":",","3249":"Y","3250":"A","3251":"A","3252":"Y","3253":";","3254":"M","3255":"A","3256":"C","3257":"Z","3258":",","3259":"Y","3260":"A","3261":"A","3262":"Y","3263":";","3264":"M","3265":"A","3266":"C","3267":"Z","3268":",","3269":"W","3270":"A","3271":"A","3272":"W","3273":";","3274":"M","3275":"A","3276":"C","3277":"X","3278":",","3279":"g","3280":"B","3281":"A","3282":"A","3283":"g","3284":"B","3285":";","3286":"M","3287":"A","3288":"C","3289":"h","3290":"B","3291":",","3292":"c","3293":"A","3294":"A","3295":"c","3296":";","3297":"M","3298":"A","3299":"C","3300":"d","3301":",","3302":"g","3303":"B","3304":"A","3305":"A","3306":"g","3307":"B","3308":";","3309":"M","3310":"A","3311":"C","3312":"h","3313":"B","3314":",","3315":"M","3316":"A","3317":"A","3318":"M","3319":";","3320":"M","3321":"A","3322":"C","3323":"N","3324":";","3325":"I","3326":"A","3327":"C","3328":"J","3329":",","3330":"C","3331":"A","3332":"A","3333":"C","3334":";","3335":"E","3336":"A","3337":"C","3338":"L","3339":";","3340":"A","3341":"A","3342":"C","3343":"J","3344":",","3345":"C","3346":"A","3347":"A","3348":"C","3349":"\"","3350":",","3351":"\"","3352":"f","3353":"i","3354":"l","3355":"e","3356":"\"","3357":":","3358":"\"","3359":"/","3360":"h","3361":"o","3362":"m","3363":"e","3364":"/","3365":"w","3366":"e","3367":"e","3368":"b","3369":"a","3370":"a","3371":"y","3372":"/","3373":"g","3374":"a","3375":"m","3376":"i","3377":"n","3378":"g","3379":"_","3380":"p","3381":"l","3382":"a","3383":"t","3384":"f","3385":"o","3386":"r","3387":"m","3388":"e","3389":"/","3390":"F","3391":"r","3392":"o","3393":"n","3394":"t","3395":"e","3396":"n","3397":"d","3398":"/","3399":"m","3400":"y","3401":"-","3402":"g","3403":"a","3404":"m","3405":"e","3406":"-","3407":"p","3408":"l","3409":"a","3410":"t","3411":"f","3412":"o","3413":"r","3414":"m","3415":"/","3416":"s","3417":"r","3418":"c","3419":"/","3420":"c","3421":"o","3422":"m","3423":"p","3424":"o","3425":"n","3426":"e","3427":"n","3428":"t","3429":"s","3430":"/","3431":"L","3432":"e","3433":"a","3434":"d","3435":"e","3436":"r","3437":"b","3438":"o","3439":"a","3440":"r","3441":"d","3442":".","3443":"v","3444":"u","3445":"e","3446":"\"","3447":",","3448":"\"","3449":"s","3450":"o","3451":"u","3452":"r","3453":"c","3454":"e","3455":"s","3456":"C","3457":"o","3458":"n","3459":"t","3460":"e","3461":"n","3462":"t","3463":"\"","3464":":","3465":"[","3466":"\"","3467":"<","3468":"t","3469":"e","3470":"m","3471":"p","3472":"l","3473":"a","3474":"t","3475":"e","3476":">","3477":"\\","3478":"n","3479":" ","3480":" ","3481":" ","3482":" ","3483":"<","3484":"d","3485":"i","3486":"v","3487":" ","3488":"c","3489":"l","3490":"a","3491":"s","3492":"s","3493":"=","3494":"\\","3495":"\"","3496":"l","3497":"e","3498":"a","3499":"d","3500":"e","3501":"r","3502":"b","3503":"o","3504":"a","3505":"r","3506":"d","3507":"-","3508":"c","3509":"o","3510":"n","3511":"t","3512":"a","3513":"i","3514":"n","3515":"e","3516":"r","3517":"\\","3518":"\"","3519":">","3520":"\\","3521":"n","3522":" ","3523":" ","3524":" ","3525":" ","3526":" ","3527":" ","3528":" ","3529":" ","3530":"<","3531":"n","3532":"a","3533":"v","3534":" ","3535":"c","3536":"l","3537":"a","3538":"s","3539":"s","3540":"=","3541":"\\","3542":"\"","3543":"n","3544":"a","3545":"v","3546":"b","3547":"a","3548":"r","3549":"\\","3550":"\"","3551":">","3552":"\\","3553":"n","3554":" ","3555":" ","3556":" ","3557":" ","3558":" ","3559":" ","3560":" ","3561":" ","3562":" ","3563":" ","3564":" ","3565":" ","3566":"<","3567":"r","3568":"o","3569":"u","3570":"t","3571":"e","3572":"r","3573":"-","3574":"l","3575":"i","3576":"n","3577":"k","3578":" ","3579":"t","3580":"o","3581":"=","3582":"\\","3583":"\"","3584":"/","3585":"h","3586":"o","3587":"m","3588":"e","3589":"\\","3590":"\"","3591":" ","3592":"c","3593":"l","3594":"a","3595":"s","3596":"s","3597":"=","3598":"\\","3599":"\"","3600":"h","3601":"o","3602":"m","3603":"e","3604":"-","3605":"l","3606":"i","3607":"n","3608":"k","3609":"\\","3610":"\"","3611":">","3612":"\\","3613":"n","3614":" ","3615":" ","3616":" ","3617":" ","3618":" ","3619":" ","3620":" ","3621":" ","3622":" ","3623":" ","3624":" ","3625":" ","3626":" ","3627":" ","3628":" ","3629":" ","3630":"<","3631":"i","3632":" ","3633":"c","3634":"l","3635":"a","3636":"s","3637":"s","3638":"=","3639":"\\","3640":"\"","3641":"f","3642":"a","3643":"s","3644":" ","3645":"f","3646":"a","3647":"-","3648":"h","3649":"o","3650":"m","3651":"e","3652":"\\","3653":"\"","3654":">","3655":"<","3656":"/","3657":"i","3658":">","3659":" ","3660":"A","3661":"c","3662":"c","3663":"u","3664":"e","3665":"i","3666":"l","3667":"\\","3668":"n","3669":" ","3670":" ","3671":" ","3672":" ","3673":" ","3674":" ","3675":" ","3676":" ","3677":" ","3678":" ","3679":" ","3680":" ","3681":"<","3682":"/","3683":"r","3684":"o","3685":"u","3686":"t","3687":"e","3688":"r","3689":"-","3690":"l","3691":"i","3692":"n","3693":"k","3694":">","3695":"\\","3696":"n","3697":" ","3698":" ","3699":" ","3700":" ","3701":" ","3702":" ","3703":" ","3704":" ","3705":" ","3706":" ","3707":" ","3708":" ","3709":"<","3710":"h","3711":"1","3712":">","3713":"C","3714":"l","3715":"a","3716":"s","3717":"s","3718":"e","3719":"m","3720":"e","3721":"n","3722":"t","3723":" ","3724":"d","3725":"e","3726":"s","3727":" ","3728":"J","3729":"o","3730":"u","3731":"e","3732":"u","3733":"r","3734":"s","3735":"<","3736":"/","3737":"h","3738":"1","3739":">","3740":"\\","3741":"n","3742":" ","3743":" ","3744":" ","3745":" ","3746":" ","3747":" ","3748":" ","3749":" ","3750":" ","3751":" ","3752":" ","3753":" ","3754":"<","3755":"d","3756":"i","3757":"v","3758":" ","3759":"c","3760":"l","3761":"a","3762":"s","3763":"s","3764":"=","3765":"\\","3766":"\"","3767":"m","3768":"o","3769":"d","3770":"e","3771":"-","3772":"s","3773":"e","3774":"l","3775":"e","3776":"c","3777":"t","3778":"o","3779":"r","3780":"\\","3781":"\"","3782":">","3783":"\\","3784":"n","3785":" ","3786":" ","3787":" ","3788":" ","3789":" ","3790":" ","3791":" ","3792":" ","3793":" ","3794":" ","3795":" ","3796":" ","3797":" ","3798":" ","3799":" ","3800":" ","3801":"<","3802":"r","3803":"o","3804":"u","3805":"t","3806":"e","3807":"r","3808":"-","3809":"l","3810":"i","3811":"n","3812":"k","3813":" ","3814":"t","3815":"o","3816":"=","3817":"\\","3818":"\"","3819":"/","3820":"l","3821":"e","3822":"a","3823":"d","3824":"e","3825":"r","3826":"b","3827":"o","3828":"a","3829":"r","3830":"d","3831":"\\","3832":"\"","3833":" ","3834":"c","3835":"l","3836":"a","3837":"s","3838":"s","3839":"=","3840":"\\","3841":"\"","3842":"m","3843":"o","3844":"d","3845":"e","3846":"-","3847":"l","3848":"i","3849":"n","3850":"k","3851":" ","3852":"a","3853":"c","3854":"t","3855":"i","3856":"v","3857":"e","3858":"\\","3859":"\"","3860":">","3861":"M","3862":"o","3863":"d","3864":"e","3865":" ","3866":"I","3867":"A","3868":"<","3869":"/","3870":"r","3871":"o","3872":"u","3873":"t","3874":"e","3875":"r","3876":"-","3877":"l","3878":"i","3879":"n","3880":"k","3881":">","3882":"\\","3883":"n","3884":" ","3885":" ","3886":" ","3887":" ","3888":" ","3889":" ","3890":" ","3891":" ","3892":" ","3893":" ","3894":" ","3895":" ","3896":" ","3897":" ","3898":" ","3899":" ","3900":"<","3901":"r","3902":"o","3903":"u","3904":"t","3905":"e","3906":"r","3907":"-","3908":"l","3909":"i","3910":"n","3911":"k","3912":" ","3913":"t","3914":"o","3915":"=","3916":"\\","3917":"\"","3918":"/","3919":"l","3920":"e","3921":"a","3922":"d","3923":"e","3924":"r","3925":"b","3926":"o","3927":"a","3928":"r","3929":"d","3930":"-","3931":"o","3932":"n","3933":"l","3934":"i","3935":"n","3936":"e","3937":"\\","3938":"\"","3939":" ","3940":"c","3941":"l","3942":"a","3943":"s","3944":"s","3945":"=","3946":"\\","3947":"\"","3948":"m","3949":"o","3950":"d","3951":"e","3952":"-","3953":"l","3954":"i","3955":"n","3956":"k","3957":"\\","3958":"\"","3959":">","3960":"M","3961":"o","3962":"d","3963":"e","3964":" ","3965":"M","3966":"u","3967":"l","3968":"t","3969":"i","3970":"j","3971":"o","3972":"u","3973":"e","3974":"u","3975":"r","3976":"<","3977":"/","3978":"r","3979":"o","3980":"u","3981":"t","3982":"e","3983":"r","3984":"-","3985":"l","3986":"i","3987":"n","3988":"k","3989":">","3990":"\\","3991":"n","3992":" ","3993":" ","3994":" ","3995":" ","3996":" ","3997":" ","3998":" ","3999":" ","4000":" ","4001":" ","4002":" ","4003":" ","4004":"<","4005":"/","4006":"d","4007":"i","4008":"v","4009":">","4010":"\\","4011":"n","4012":" ","4013":" ","4014":" ","4015":" ","4016":" ","4017":" ","4018":" ","4019":" ","4020":" ","4021":" ","4022":" ","4023":" ","4024":"<","4025":"d","4026":"i","4027":"v","4028":" ","4029":"c","4030":"l","4031":"a","4032":"s","4033":"s","4034":"=","4035":"\\","4036":"\"","4037":"r","4038":"e","4039":"f","4040":"r","4041":"e","4042":"s","4043":"h","4044":"-","4045":"b","4046":"u","4047":"t","4048":"t","4049":"o","4050":"n","4051":"\\","4052":"\"","4053":">","4054":"\\","4055":"n","4056":" ","4057":" ","4058":" ","4059":" ","4060":" ","4061":" ","4062":" ","4063":" ","4064":" ","4065":" ","4066":" ","4067":" ","4068":" ","4069":" ","4070":" ","4071":" ","4072":"<","4073":"b","4074":"u","4075":"t","4076":"t","4077":"o","4078":"n","4079":" ","4080":"@","4081":"c","4082":"l","4083":"i","4084":"c","4085":"k","4086":"=","4087":"\\","4088":"\"","4089":"f","4090":"e","4091":"t","4092":"c","4093":"h","4094":"L","4095":"e","4096":"a","4097":"d","4098":"e","4099":"r","4100":"b","4101":"o","4102":"a","4103":"r","4104":"d","4105":"\\","4106":"\"","4107":" ","4108":":","4109":"c","4110":"l","4111":"a","4112":"s","4113":"s","4114":"=","4115":"\\","4116":"\"","4117":"{","4118":" ","4119":"'","4120":"r","4121":"e","4122":"f","4123":"r","4124":"e","4125":"s","4126":"h","4127":"i","4128":"n","4129":"g","4130":"'","4131":":","4132":" ","4133":"i","4134":"s","4135":"R","4136":"e","4137":"f","4138":"r","4139":"e","4140":"s","4141":"h","4142":"i","4143":"n","4144":"g","4145":" ","4146":"}","4147":"\\","4148":"\"","4149":">","4150":"\\","4151":"n","4152":" ","4153":" ","4154":" ","4155":" ","4156":" ","4157":" ","4158":" ","4159":" ","4160":" ","4161":" ","4162":" ","4163":" ","4164":" ","4165":" ","4166":" ","4167":" ","4168":" ","4169":" ","4170":" ","4171":" ","4172":"<","4173":"i","4174":" ","4175":"c","4176":"l","4177":"a","4178":"s","4179":"s","4180":"=","4181":"\\","4182":"\"","4183":"f","4184":"a","4185":"s","4186":" ","4187":"f","4188":"a","4189":"-","4190":"s","4191":"y","4192":"n","4193":"c","4194":"-","4195":"a","4196":"l","4197":"t","4198":"\\","4199":"\"","4200":">","4201":"<","4202":"/","4203":"i","4204":">","4205":" ","4206":"A","4207":"c","4208":"t","4209":"u","4210":"a","4211":"l","4212":"i","4213":"s","4214":"e","4215":"r","4216":"\\","4217":"n","4218":" ","4219":" ","4220":" ","4221":" ","4222":" ","4223":" ","4224":" ","4225":" ","4226":" ","4227":" ","4228":" ","4229":" ","4230":" ","4231":" ","4232":" ","4233":" ","4234":"<","4235":"/","4236":"b","4237":"u","4238":"t","4239":"t","4240":"o","4241":"n","4242":">","4243":"\\","4244":"n","4245":" ","4246":" ","4247":" ","4248":" ","4249":" ","4250":" ","4251":" ","4252":" ","4253":" ","4254":" ","4255":" ","4256":" ","4257":"<","4258":"/","4259":"d","4260":"i","4261":"v","4262":">","4263":"\\","4264":"n","4265":" ","4266":" ","4267":" ","4268":" ","4269":" ","4270":" ","4271":" ","4272":" ","4273":"<","4274":"/","4275":"n","4276":"a","4277":"v","4278":">","4279":"\\","4280":"n","4281":"\\","4282":"n","4283":" ","4284":" ","4285":" ","4286":" ","4287":" ","4288":" ","4289":" ","4290":" ","4291":"<","4292":"d","4293":"i","4294":"v","4295":" ","4296":"c","4297":"l","4298":"a","4299":"s","4300":"s","4301":"=","4302":"\\","4303":"\"","4304":"f","4305":"i","4306":"l","4307":"t","4308":"e","4309":"r","4310":"s","4311":"\\","4312":"\"","4313":">","4314":"\\","4315":"n","4316":" ","4317":" ","4318":" ","4319":" ","4320":" ","4321":" ","4322":" ","4323":" ","4324":" ","4325":" ","4326":" ","4327":" ","4328":"<","4329":"d","4330":"i","4331":"v","4332":" ","4333":"c","4334":"l","4335":"a","4336":"s","4337":"s","4338":"=","4339":"\\","4340":"\"","4341":"s","4342":"e","4343":"a","4344":"r","4345":"c","4346":"h","4347":"-","4348":"b","4349":"o","4350":"x","4351":"\\","4352":"\"","4353":">","4354":"\\","4355":"n","4356":" ","4357":" ","4358":" ","4359":" ","4360":" ","4361":" ","4362":" ","4363":" ","4364":" ","4365":" ","4366":" ","4367":" ","4368":" ","4369":" ","4370":" ","4371":" ","4372":"<","4373":"i","4374":"n","4375":"p","4376":"u","4377":"t","4378":" ","4379":"\\","4380":"n","4381":" ","4382":" ","4383":" ","4384":" ","4385":" ","4386":" ","4387":" ","4388":" ","4389":" ","4390":" ","4391":" ","4392":" ","4393":" ","4394":" ","4395":" ","4396":" ","4397":" ","4398":" ","4399":" ","4400":" ","4401":"t","4402":"y","4403":"p","4404":"e","4405":"=","4406":"\\","4407":"\"","4408":"t","4409":"e","4410":"x","4411":"t","4412":"\\","4413":"\"","4414":" ","4415":"\\","4416":"n","4417":" ","4418":" ","4419":" ","4420":" ","4421":" ","4422":" ","4423":" ","4424":" ","4425":" ","4426":" ","4427":" ","4428":" ","4429":" ","4430":" ","4431":" ","4432":" ","4433":" ","4434":" ","4435":" ","4436":" ","4437":"v","4438":"-","4439":"m","4440":"o","4441":"d","4442":"e","4443":"l","4444":"=","4445":"\\","4446":"\"","4447":"s","4448":"e","4449":"a","4450":"r","4451":"c","4452":"h","4453":"Q","4454":"u","4455":"e","4456":"r","4457":"y","4458":"\\","4459":"\"","4460":" ","4461":"\\","4462":"n","4463":" ","4464":" ","4465":" ","4466":" ","4467":" ","4468":" ","4469":" ","4470":" ","4471":" ","4472":" ","4473":" ","4474":" ","4475":" ","4476":" ","4477":" ","4478":" ","4479":" ","4480":" ","4481":" ","4482":" ","4483":"p","4484":"l","4485":"a","4486":"c","4487":"e","4488":"h","4489":"o","4490":"l","4491":"d","4492":"e","4493":"r","4494":"=","4495":"\\","4496":"\"","4497":"R","4498":"e","4499":"c","4500":"h","4501":"e","4502":"r","4503":"c","4504":"h","4505":"e","4506":"r","4507":" ","4508":"u","4509":"n","4510":" ","4511":"j","4512":"o","4513":"u","4514":"e","4515":"u","4516":"r","4517":".","4518":".","4519":".","4520":"\\","4521":"\"","4522":"\\","4523":"n","4524":" ","4525":" ","4526":" ","4527":" ","4528":" ","4529":" ","4530":" ","4531":" ","4532":" ","4533":" ","4534":" ","4535":" ","4536":" ","4537":" ","4538":" ","4539":" ","4540":" ","4541":" ","4542":" ","4543":" ","4544":"@","4545":"i","4546":"n","4547":"p","4548":"u","4549":"t","4550":"=","4551":"\\","4552":"\"","4553":"f","4554":"i","4555":"l","4556":"t","4557":"e","4558":"r","4559":"L","4560":"e","4561":"a","4562":"d","4563":"e","4564":"r","4565":"b","4566":"o","4567":"a","4568":"r","4569":"d","4570":"\\","4571":"\"","4572":"\\","4573":"n","4574":" ","4575":" ","4576":" ","4577":" ","4578":" ","4579":" ","4580":" ","4581":" ","4582":" ","4583":" ","4584":" ","4585":" ","4586":" ","4587":" ","4588":" ","4589":" ","4590":"/","4591":">","4592":"\\","4593":"n","4594":" ","4595":" ","4596":" ","4597":" ","4598":" ","4599":" ","4600":" ","4601":" ","4602":" ","4603":" ","4604":" ","4605":" ","4606":"<","4607":"/","4608":"d","4609":"i","4610":"v","4611":">","4612":"\\","4613":"n","4614":" ","4615":" ","4616":" ","4617":" ","4618":" ","4619":" ","4620":" ","4621":" ","4622":" ","4623":" ","4624":" ","4625":" ","4626":"<","4627":"d","4628":"i","4629":"v","4630":" ","4631":"c","4632":"l","4633":"a","4634":"s","4635":"s","4636":"=","4637":"\\","4638":"\"","4639":"g","4640":"a","4641":"m","4642":"e","4643":"-","4644":"f","4645":"i","4646":"l","4647":"t","4648":"e","4649":"r","4650":"\\","4651":"\"","4652":">","4653":"\\","4654":"n","4655":" ","4656":" ","4657":" ","4658":" ","4659":" ","4660":" ","4661":" ","4662":" ","4663":" ","4664":" ","4665":" ","4666":" ","4667":" ","4668":" ","4669":" ","4670":" ","4671":"<","4672":"s","4673":"e","4674":"l","4675":"e","4676":"c","4677":"t","4678":" ","4679":"v","4680":"-","4681":"m","4682":"o","4683":"d","4684":"e","4685":"l","4686":"=","4687":"\\","4688":"\"","4689":"s","4690":"e","4691":"l","4692":"e","4693":"c","4694":"t","4695":"e","4696":"d","4697":"G","4698":"a","4699":"m","4700":"e","4701":"\\","4702":"\"","4703":" ","4704":"@","4705":"c","4706":"h","4707":"a","4708":"n","4709":"g","4710":"e","4711":"=","4712":"\\","4713":"\"","4714":"f","4715":"i","4716":"l","4717":"t","4718":"e","4719":"r","4720":"L","4721":"e","4722":"a","4723":"d","4724":"e","4725":"r","4726":"b","4727":"o","4728":"a","4729":"r","4730":"d","4731":"\\","4732":"\"","4733":">","4734":"\\","4735":"n","4736":" ","4737":" ","4738":" ","4739":" ","4740":" ","4741":" ","4742":" ","4743":" ","4744":" ","4745":" ","4746":" ","4747":" ","4748":" ","4749":" ","4750":" ","4751":" ","4752":" ","4753":" ","4754":" ","4755":" ","4756":"<","4757":"o","4758":"p","4759":"t","4760":"i","4761":"o","4762":"n","4763":" ","4764":"v","4765":"a","4766":"l","4767":"u","4768":"e","4769":"=","4770":"\\","4771":"\"","4772":"a","4773":"l","4774":"l","4775":"\\","4776":"\"","4777":">","4778":"T","4779":"o","4780":"u","4781":"s","4782":" ","4783":"l","4784":"e","4785":"s","4786":" ","4787":"j","4788":"e","4789":"u","4790":"x","4791":"<","4792":"/","4793":"o","4794":"p","4795":"t","4796":"i","4797":"o","4798":"n","4799":">","4800":"\\","4801":"n","4802":" ","4803":" ","4804":" ","4805":" ","4806":" ","4807":" ","4808":" ","4809":" ","4810":" ","4811":" ","4812":" ","4813":" ","4814":" ","4815":" ","4816":" ","4817":" ","4818":" ","4819":" ","4820":" ","4821":" ","4822":"<","4823":"o","4824":"p","4825":"t","4826":"i","4827":"o","4828":"n","4829":" ","4830":"v","4831":"a","4832":"l","4833":"u","4834":"e","4835":"=","4836":"\\","4837":"\"","4838":"m","4839":"o","4840":"r","4841":"p","4842":"i","4843":"o","4844":"n","4845":"\\","4846":"\"","4847":">","4848":"M","4849":"o","4850":"r","4851":"p","4852":"i","4853":"o","4854":"n","4855":"<","4856":"/","4857":"o","4858":"p","4859":"t","4860":"i","4861":"o","4862":"n","4863":">","4864":"\\","4865":"n","4866":" ","4867":" ","4868":" ","4869":" ","4870":" ","4871":" ","4872":" ","4873":" ","4874":" ","4875":" ","4876":" ","4877":" ","4878":" ","4879":" ","4880":" ","4881":" ","4882":" ","4883":" ","4884":" ","4885":" ","4886":"<","4887":"o","4888":"p","4889":"t","4890":"i","4891":"o","4892":"n","4893":" ","4894":"v","4895":"a","4896":"l","4897":"u","4898":"e","4899":"=","4900":"\\","4901":"\"","4902":"p","4903":"f","4904":"c","4905":"\\","4906":"\"","4907":">","4908":"P","4909":"i","4910":"e","4911":"r","4912":"r","4913":"e","4914":" ","4915":"F","4916":"e","4917":"u","4918":"i","4919":"l","4920":"l","4921":"e","4922":" ","4923":"C","4924":"i","4925":"s","4926":"e","4927":"a","4928":"u","4929":"x","4930":"<","4931":"/","4932":"o","4933":"p","4934":"t","4935":"i","4936":"o","4937":"n","4938":">","4939":"\\","4940":"n","4941":" ","4942":" ","4943":" ","4944":" ","4945":" ","4946":" ","4947":" ","4948":" ","4949":" ","4950":" ","4951":" ","4952":" ","4953":" ","4954":" ","4955":" ","4956":" ","4957":" ","4958":" ","4959":" ","4960":" ","4961":"<","4962":"o","4963":"p","4964":"t","4965":"i","4966":"o","4967":"n","4968":" ","4969":"v","4970":"a","4971":"l","4972":"u","4973":"e","4974":"=","4975":"\\","4976":"\"","4977":"d","4978":"e","4979":"s","4980":"\\","4981":"\"","4982":">","4983":"J","4984":"e","4985":"u","4986":" ","4987":"d","4988":"e","4989":"s","4990":" ","4991":"D","4992":"é","4993":"s","4994":"<","4995":"/","4996":"o","4997":"p","4998":"t","4999":"i","5000":"o","5001":"n","5002":">","5003":"\\","5004":"n","5005":" ","5006":" ","5007":" ","5008":" ","5009":" ","5010":" ","5011":" ","5012":" ","5013":" ","5014":" ","5015":" ","5016":" ","5017":" ","5018":" ","5019":" ","5020":" ","5021":"<","5022":"/","5023":"s","5024":"e","5025":"l","5026":"e","5027":"c","5028":"t","5029":">","5030":"\\","5031":"n","5032":" ","5033":" ","5034":" ","5035":" ","5036":" ","5037":" ","5038":" ","5039":" ","5040":" ","5041":" ","5042":" ","5043":" ","5044":"<","5045":"/","5046":"d","5047":"i","5048":"v","5049":">","5050":"\\","5051":"n","5052":" ","5053":" ","5054":" ","5055":" ","5056":" ","5057":" ","5058":" ","5059":" ","5060":"<","5061":"/","5062":"d","5063":"i","5064":"v","5065":">","5066":"\\","5067":"n","5068":"\\","5069":"n","5070":" ","5071":" ","5072":" ","5073":" ","5074":" ","5075":" ","5076":" ","5077":" ","5078":"<","5079":"d","5080":"i","5081":"v","5082":" ","5083":"c","5084":"l","5085":"a","5086":"s","5087":"s","5088":"=","5089":"\\","5090":"\"","5091":"t","5092":"o","5093":"p","5094":"-","5095":"p","5096":"l","5097":"a","5098":"y","5099":"e","5100":"r","5101":"s","5102":"\\","5103":"\"","5104":" ","5105":"v","5106":"-","5107":"i","5108":"f","5109":"=","5110":"\\","5111":"\"","5112":"t","5113":"o","5114":"p","5115":"P","5116":"l","5117":"a","5118":"y","5119":"e","5120":"r","5121":"s","5122":".","5123":"l","5124":"e","5125":"n","5126":"g","5127":"t","5128":"h","5129":" ","5130":">","5131":" ","5132":"0","5133":"\\","5134":"\"","5135":">","5136":"\\","5137":"n","5138":" ","5139":" ","5140":" ","5141":" ","5142":" ","5143":" ","5144":" ","5145":" ","5146":" ","5147":" ","5148":" ","5149":" ","5150":"<","5151":"h","5152":"2","5153":">","5154":"T","5155":"o","5156":"p","5157":" ","5158":"3","5159":" ","5160":"J","5161":"o","5162":"u","5163":"e","5164":"u","5165":"r","5166":"s","5167":"<","5168":"/","5169":"h","5170":"2","5171":">","5172":"\\","5173":"n","5174":" ","5175":" ","5176":" ","5177":" ","5178":" ","5179":" ","5180":" ","5181":" ","5182":" ","5183":" ","5184":" ","5185":" ","5186":"<","5187":"d","5188":"i","5189":"v","5190":" ","5191":"c","5192":"l","5193":"a","5194":"s","5195":"s","5196":"=","5197":"\\","5198":"\"","5199":"p","5200":"o","5201":"d","5202":"i","5203":"u","5204":"m","5205":"\\","5206":"\"","5207":">","5208":"\\","5209":"n","5210":" ","5211":" ","5212":" ","5213":" ","5214":" ","5215":" ","5216":" ","5217":" ","5218":" ","5219":" ","5220":" ","5221":" ","5222":" ","5223":" ","5224":" ","5225":" ","5226":"<","5227":"d","5228":"i","5229":"v","5230":" ","5231":"c","5232":"l","5233":"a","5234":"s","5235":"s","5236":"=","5237":"\\","5238":"\"","5239":"p","5240":"o","5241":"d","5242":"i","5243":"u","5244":"m","5245":"-","5246":"s","5247":"p","5248":"o","5249":"t","5250":" ","5251":"s","5252":"e","5253":"c","5254":"o","5255":"n","5256":"d","5257":"\\","5258":"\"","5259":" ","5260":"v","5261":"-","5262":"i","5263":"f","5264":"=","5265":"\\","5266":"\"","5267":"t","5268":"o","5269":"p","5270":"P","5271":"l","5272":"a","5273":"y","5274":"e","5275":"r","5276":"s","5277":"[","5278":"1","5279":"]","5280":"\\","5281":"\"","5282":">","5283":"\\","5284":"n","5285":" ","5286":" ","5287":" ","5288":" ","5289":" ","5290":" ","5291":" ","5292":" ","5293":" ","5294":" ","5295":" ","5296":" ","5297":" ","5298":" ","5299":" ","5300":" ","5301":" ","5302":" ","5303":" ","5304":" ","5305":"<","5306":"d","5307":"i","5308":"v","5309":" ","5310":"c","5311":"l","5312":"a","5313":"s","5314":"s","5315":"=","5316":"\\","5317":"\"","5318":"c","5319":"r","5320":"o","5321":"w","5322":"n","5323":"\\","5324":"\"","5325":">","5326":"\ud83e","5327":"\udd48","5328":"<","5329":"/","5330":"d","5331":"i","5332":"v","5333":">","5334":"\\","5335":"n","5336":" ","5337":" ","5338":" ","5339":" ","5340":" ","5341":" ","5342":" ","5343":" ","5344":" ","5345":" ","5346":" ","5347":" ","5348":" ","5349":" ","5350":" ","5351":" ","5352":" ","5353":" ","5354":" ","5355":" ","5356":"<","5357":"d","5358":"i","5359":"v","5360":" ","5361":"c","5362":"l","5363":"a","5364":"s","5365":"s","5366":"=","5367":"\\","5368":"\"","5369":"a","5370":"v","5371":"a","5372":"t","5373":"a","5374":"r","5375":"\\","5376":"\"","5377":">","5378":"{","5379":"{","5380":" ","5381":"t","5382":"o","5383":"p","5384":"P","5385":"l","5386":"a","5387":"y","5388":"e","5389":"r","5390":"s","5391":"[","5392":"1","5393":"]","5394":".","5395":"u","5396":"s","5397":"e","5398":"r","5399":"n","5400":"a","5401":"m","5402":"e","5403":".","5404":"c","5405":"h","5406":"a","5407":"r","5408":"A","5409":"t","5410":"(","5411":"0","5412":")","5413":" ","5414":"}","5415":"}","5416":"<","5417":"/","5418":"d","5419":"i","5420":"v","5421":">","5422":"\\","5423":"n","5424":" ","5425":" ","5426":" ","5427":" ","5428":" ","5429":" ","5430":" ","5431":" ","5432":" ","5433":" ","5434":" ","5435":" ","5436":" ","5437":" ","5438":" ","5439":" ","5440":" ","5441":" ","5442":" ","5443":" ","5444":"<","5445":"d","5446":"i","5447":"v","5448":" ","5449":"c","5450":"l","5451":"a","5452":"s","5453":"s","5454":"=","5455":"\\","5456":"\"","5457":"u","5458":"s","5459":"e","5460":"r","5461":"n","5462":"a","5463":"m","5464":"e","5465":"\\","5466":"\"","5467":">","5468":"{","5469":"{","5470":" ","5471":"t","5472":"o","5473":"p","5474":"P","5475":"l","5476":"a","5477":"y","5478":"e","5479":"r","5480":"s","5481":"[","5482":"1","5483":"]","5484":".","5485":"u","5486":"s","5487":"e","5488":"r","5489":"n","5490":"a","5491":"m","5492":"e","5493":" ","5494":"}","5495":"}","5496":"<","5497":"/","5498":"d","5499":"i","5500":"v","5501":">","5502":"\\","5503":"n","5504":" ","5505":" ","5506":" ","5507":" ","5508":" ","5509":" ","5510":" ","5511":" ","5512":" ","5513":" ","5514":" ","5515":" ","5516":" ","5517":" ","5518":" ","5519":" ","5520":" ","5521":" ","5522":" ","5523":" ","5524":"<","5525":"d","5526":"i","5527":"v","5528":" ","5529":"c","5530":"l","5531":"a","5532":"s","5533":"s","5534":"=","5535":"\\","5536":"\"","5537":"s","5538":"c","5539":"o","5540":"r","5541":"e","5542":"\\","5543":"\"","5544":">","5545":"{","5546":"{","5547":" ","5548":"t","5549":"o","5550":"p","5551":"P","5552":"l","5553":"a","5554":"y","5555":"e","5556":"r","5557":"s","5558":"[","5559":"1","5560":"]","5561":".","5562":"v","5563":"i","5564":"c","5565":"t","5566":"o","5567":"i","5568":"r","5569":"e","5570":"s","5571":" ","5572":"}","5573":"}","5574":" ","5575":"v","5576":"i","5577":"c","5578":"t","5579":"o","5580":"i","5581":"r","5582":"e","5583":"s","5584":"<","5585":"/","5586":"d","5587":"i","5588":"v","5589":">","5590":"\\","5591":"n","5592":" ","5593":" ","5594":" ","5595":" ","5596":" ","5597":" ","5598":" ","5599":" ","5600":" ","5601":" ","5602":" ","5603":" ","5604":" ","5605":" ","5606":" ","5607":" ","5608":"<","5609":"/","5610":"d","5611":"i","5612":"v","5613":">","5614":"\\","5615":"n","5616":" ","5617":" ","5618":" ","5619":" ","5620":" ","5621":" ","5622":" ","5623":" ","5624":" ","5625":" ","5626":" ","5627":" ","5628":" ","5629":" ","5630":" ","5631":" ","5632":"<","5633":"d","5634":"i","5635":"v","5636":" ","5637":"c","5638":"l","5639":"a","5640":"s","5641":"s","5642":"=","5643":"\\","5644":"\"","5645":"p","5646":"o","5647":"d","5648":"i","5649":"u","5650":"m","5651":"-","5652":"s","5653":"p","5654":"o","5655":"t","5656":" ","5657":"f","5658":"i","5659":"r","5660":"s","5661":"t","5662":"\\","5663":"\"","5664":" ","5665":"v","5666":"-","5667":"i","5668":"f","5669":"=","5670":"\\","5671":"\"","5672":"t","5673":"o","5674":"p","5675":"P","5676":"l","5677":"a","5678":"y","5679":"e","5680":"r","5681":"s","5682":"[","5683":"0","5684":"]","5685":"\\","5686":"\"","5687":">","5688":"\\","5689":"n","5690":" ","5691":" ","5692":" ","5693":" ","5694":" ","5695":" ","5696":" ","5697":" ","5698":" ","5699":" ","5700":"
[...]
 ","17545":"b","17546":"o","17547":"r","17548":"d","17549":"e","17550":"r","17551":"-","17552":"r","17553":"a","17554":"d","17555":"i","17556":"u","17557":"s","17558":":","17559":" ","17560":"6","17561":"p","17562":"x","17563":";","17564":"\\","17565":"n","17566":" ","17567":" ","17568":"c","17569":"o","17570":"l","17571":"o","17572":"r","17573":":","17574":" ","17575":"w","17576":"h","17577":"i","17578":"t","17579":"e","17580":";","17581":"\\","17582":"n","17583":" ","17584":" ","17585":"c","17586":"u","17587":"r","17588":"s","17589":"o","17590":"r","17591":":","17592":" ","17593":"p","17594":"o","17595":"i","17596":"n","17597":"t","17598":"e","17599":"r","17600":";","17601":"\\","17602":"n","17603":" ","17604":" ","17605":"t","17606":"r","17607":"a","17608":"n","17609":"s","17610":"i","17611":"t","17612":"i","17613":"o","17614":"n","17615":":","17616":" ","17617":"a","17618":"l","17619":"l","17620":" ","17621":"0","17622":".","17623":"3","17624":"s","17625":" ","17626":"e","17627":"a","17628":"s","17629":"e","17630":";","17631":"\\","17632":"n","17633":" ","17634":" ","17635":"b","17636":"o","17637":"x","17638":"-","17639":"s","17640":"h","17641":"a","17642":"d","17643":"o","17644":"w","17645":":","17646":" ","17647":"\\","17648":"n","17649":" ","17650":" ","17651":" ","17652":" ","17653":"0","17654":" ","17655":"0","17656":" ","17657":"1","17658":"0","17659":"p","17660":"x","17661":" ","17662":"r","17663":"g","17664":"b","17665":"a","17666":"(","17667":"1","17668":"3","17669":"8","17670":",","17671":" ","17672":"4","17673":"3","17674":",","17675":" ","17676":"2","17677":"2","17678":"6","17679":",","17680":" ","17681":"0","17682":".","17683":"5","17684":")","17685":",","17686":"\\","17687":"n","17688":" ","17689":" ","17690":" ","17691":" ","17692":"0","17693":" ","17694":"0","17695":" ","17696":"2","17697":"0","17698":"p","17699":"x","17700":" ","17701":"r","17702":"g","17703":"b","17704":"a","17705":"(","17706":"0","17707":",","17708":" ","17709":"1","17710":"9","17711":"1","17712":",","17713":" ","17714":"2","17715":"5","17716":"5","17717":",","17718":" ","17719":"0","17720":".","17721":"3","17722":")","17723":";","17724":"\\","17725":"n","17726":" ","17727":" ","17728":"w","17729":"i","17730":"d","17731":"t","17732":"h","17733":":","17734":" ","17735":"1","17736":"0","17737":"0","17738":"%","17739":";","17740":"\\","17741":"n","17742":"}","17743":"\\","17744":"n","17745":"\\","17746":"n","17747":"b","17748":"u","17749":"t","17750":"t","17751":"o","17752":"n","17753":":","17754":"h","17755":"o","17756":"v","17757":"e","17758":"r","17759":":","17760":"n","17761":"o","17762":"t","17763":"(","17764":":","17765":"d","17766":"i","17767":"s","17768":"a","17769":"b","17770":"l","17771":"e","17772":"d","17773":")","17774":" ","17775":"{","17776":"\\","17777":"n","17778":" ","17779":" ","17780":"b","17781":"a","17782":"c","17783":"k","17784":"g","17785":"r","17786":"o","17787":"u","17788":"n","17789":"d","17790":":","17791":" ","17792":"l","17793":"i","17794":"n","17795":"e","17796":"a","17797":"r","17798":"-","17799":"g","17800":"r","17801":"a","17802":"d","17803":"i","17804":"e","17805":"n","17806":"t","17807":"(","17808":"9","17809":"0","17810":"d","17811":"e","17812":"g","17813":",","17814":" ","17815":"\\","17816":"n","17817":" ","17818":" ","17819":" ","17820":" ","17821":"#","17822":"0","17823":"0","17824":"b","17825":"f","17826":"f","17827":"f","17828":" ","17829":"0","17830":"%","17831":",","17832":"\\","17833":"n","17834":" ","17835":" ","17836":" ","17837":" ","17838":"#","17839":"0","17840":"0","17841":"f","17842":"f","17843":"9","17844":"d","17845":" ","17846":"1","17847":"0","17848":"0","17849":"%","17850":"\\","17851":"n","17852":" ","17853":" ","17854":")","17855":";","17856":"\\","17857":"n","17858":" ","17859":" ","17860":"t","17861":"r","17862":"a","17863":"n","17864":"s","17865":"f","17866":"o","17867":"r","17868":"m","17869":":","17870":" ","17871":"t","17872":"r","17873":"a","17874":"n","17875":"s","17876":"l","17877":"a","17878":"t","17879":"e","17880":"Y","17881":"(","17882":"-","17883":"2","17884":"p","17885":"x","17886":")","17887":";","17888":"\\","17889":"n","17890":" ","17891":" ","17892":"b","17893":"o","17894":"x","17895":"-","17896":"s","17897":"h","17898":"a","17899":"d","17900":"o","17901":"w","17902":":","17903":" ","17904":"\\","17905":"n","17906":" ","17907":" ","17908":" ","17909":" ","17910":"0","17911":" ","17912":"0","17913":" ","17914":"1","17915":"5","17916":"p","17917":"x","17918":" ","17919":"r","17920":"g","17921":"b","17922":"a","17923":"(","17924":"0","17925":",","17926":" ","17927":"1","17928":"9","17929":"1","17930":",","17931":" ","17932":"2","17933":"5","17934":"5","17935":",","17936":" ","17937":"0","17938":".","17939":"7","17940":")","17941":",","17942":"\\","17943":"n","17944":" ","17945":" ","17946":" ","17947":" ","17948":"0","17949":" ","17950":"0","17951":" ","17952":"2","17953":"5","17954":"p","17955":"x","17956":" ","17957":"r","17958":"g","17959":"b","17960":"a","17961":"(","17962":"0","17963":",","17964":" ","17965":"2","17966":"5","17967":"5","17968":",","17969":" ","17970":"1","17971":"5","17972":"7","17973":",","17974":" ","17975":"0","17976":".","17977":"5","17978":")","17979":";","17980":"\\","17981":"n","17982":"}","17983":"\\","17984":"n","17985":"\\","17986":"n","17987":"b","17988":"u","17989":"t","17990":"t","17991":"o","17992":"n","17993":":","17994":"d","17995":"i","17996":"s","17997":"a","17998":"b","17999":"l","18000":"e","18001":"d","18002":" ","18003":"{","18004":"\\","18005":"n","18006":" ","18007":" ","18008":"b","18009":"a","18010":"c","18011":"k","18012":"g","18013":"r","18014":"o","18015":"u","18016":"n","18017":"d","18018":":","18019":" ","18020":"#","18021":"c","18022":"c","18023":"c","18024":";","18025":"\\","18026":"n","18027":" ","18028":" ","18029":"c","18030":"u","18031":"r","18032":"s","18033":"o","18034":"r","18035":":","18036":" ","18037":"n","18038":"o","18039":"t","18040":"-","18041":"a","18042":"l","18043":"l","18044":"o","18045":"w","18046":"e","18047":"d","18048":";","18049":"\\","18050":"n","18051":" ","18052":" ","18053":"t","18054":"r","18055":"a","18056":"n","18057":"s","18058":"f","18059":"o","18060":"r","18061":"m","18062":":","18063":" ","18064":"n","18065":"o","18066":"n","18067":"e","18068":";","18069":"\\","18070":"n","18071":" ","18072":" ","18073":"b","18074":"o","18075":"x","18076":"-","18077":"s","18078":"h","18079":"a","18080":"d","18081":"o","18082":"w","18083":":","18084":" ","18085":"n","18086":"o","18087":"n","18088":"e","18089":";","18090":"\\","18091":"n","18092":"}","18093":"\\","18094":"n","18095":"\\","18096":"n","18097":".","18098":"h","18099":"o","18100":"m","18101":"e","18102":"-","18103":"l","18104":"i","18105":"n","18106":"k","18107":" ","18108":"{","18109":"\\","18110":"n","18111":" ","18112":" ","18113":"p","18114":"o","18115":"s","18116":"i","18117":"t","18118":"i","18119":"o","18120":"n","18121":":","18122":" ","18123":"a","18124":"b","18125":"s","18126":"o","18127":"l","18128":"u","18129":"t","18130":"e","18131":";","18132":"\\","18133":"n","18134":" ","18135":" ","18136":"t","18137":"o","18138":"p","18139":":","18140":" ","18141":"1","18142":"r","18143":"e","18144":"m","18145":";","18146":"\\","18147":"n","18148":" ","18149":" ","18150":"r","18151":"i","18152":"g","18153":"h","18154":"t","18155":":","18156":" ","18157":"1","18158":"r","18159":"e","18160":"m","18161":";","18162":"\\","18163":"n","18164":" ","18165":" ","18166":"c","18167":"o","18168":"l","18169":"o","18170":"r","18171":":","18172":" ","18173":"w","18174":"h","18175":"i","18176":"t","18177":"e","18178":";","18179":"\\","18180":"n","18181":" ","18182":" ","18183":"t","18184":"e","18185":"x","18186":"t","18187":"-","18188":"d","18189":"e","18190":"c","18191":"o","18192":"r","18193":"a","18194":"t","18195":"i","18196":"o","18197":"n","18198":":","18199":" ","18200":"n","18201":"o","18202":"n","18203":"e","18204":";","18205":"\\","18206":"n","18207":" ","18208":" ","18209":"f","18210":"o","18211":"n","18212":"t","18213":"-","18214":"w","18215":"e","18216":"i","18217":"g","18218":"h","18219":"t","18220":":","18221":" ","18222":"b","18223":"o","18224":"l","18225":"d","18226":";","18227":"\\","18228":"n","18229":" ","18230":" ","18231":"p","18232":"a","18233":"d","18234":"d","18235":"i","18236":"n","18237":"g","18238":":","18239":" ","18240":"0","18241":".","18242":"5","18243":"r","18244":"e","18245":"m","18246":" ","18247":"1","18248":"r","18249":"e","18250":"m","18251":";","18252":"\\","18253":"n","18254":" ","18255":" ","18256":"b","18257":"o","18258":"r","18259":"d","18260":"e","18261":"r","18262":"-","18263":"r","18264":"a","18265":"d","18266":"i","18267":"u","18268":"s","18269":":","18270":" ","18271":"6","18272":"p","18273":"x","18274":";","18275":"\\","18276":"n","18277":" ","18278":" ","18279":"b","18280":"a","18281":"c","18282":"k","18283":"g","18284":"r","18285":"o","18286":"u","18287":"n","18288":"d","18289":":","18290":" ","18291":"l","18292":"i","18293":"n","18294":"e","18295":"a","18296":"r","18297":"-","18298":"g","18299":"r","18300":"a","18301":"d","18302":"i","18303":"e","18304":"n","18305":"t","18306":"(","18307":"9","18308":"0","18309":"d","18310":"e","18311":"g","18312":",","18313":" ","18314":"\\","18315":"n","18316":" ","18317":" ","18318":" ","18319":" ","18320":"r","18321":"g","18322":"b","18323":"a","18324":"(","18325":"1","18326":"3","18327":"8","18328":",","18329":" ","18330":"4","18331":"3","18332":",","18333":" ","18334":"2","18335":"2","18336":"6","18337":",","18338":" ","18339":"0","18340":".","18341":"8","18342":")","18343":" ","18344":"0","18345":"%","18346":",","18347":"\\","18348":"n","18349":" ","18350":" ","18351":" ","18352":" ","18353":"r","18354":"g","18355":"b","18356":"a","18357":"(","18358":"0","18359":",","18360":" ","18361":"1","18362":"9","18363":"1","18364":",","18365":" ","18366":"2","18367":"5","18368":"5","18369":",","18370":" ","18371":"0","18372":".","18373":"8","18374":")","18375":" ","18376":"1","18377":"0","18378":"0","18379":"%","18380":"\\","18381":"n","18382":" ","18383":" ","18384":")","18385":";","18386":"\\","18387":"n","18388":" ","18389":" ","18390":"t","18391":"r","18392":"a","18393":"n","18394":"s","18395":"i","18396":"t","18397":"i","18398":"o","18399":"n","18400":":","18401":" ","18402":"a","18403":"l","18404":"l","18405":" ","18406":"0","18407":".","18408":"3","18409":"s","18410":" ","18411":"e","18412":"a","18413":"s","18414":"e","18415":";","18416":"\\","18417":"n","18418":" ","18419":" ","18420":"t","18421":"e","18422":"x","18423":"t","18424":"-","18425":"s","18426":"h","18427":"a","18428":"d","18429":"o","18430":"w","18431":":","18432":" ","18433":"\\","18434":"n","18435":" ","18436":" ","18437":" ","18438":" ","18439":"0","18440":" ","18441":"0","18442":" ","18443":"5","18444":"p","18445":"x","18446":" ","18447":"r","18448":"g","18449":"b","18450":"a","18451":"(","18452":"1","18453":"3","18454":"8","18455":",","18456":" ","18457":"4","18458":"3","18459":",","18460":" ","18461":"2","18462":"2","18463":"6","18464":",","18465":" ","18466":"0","18467":".","18468":"5","18469":")","18470":",","18471":"\\","18472":"n","18473":" ","18474":" ","18475":" ","18476":" ","18477":"0","18478":" ","18479":"0","18480":" ","18481":"1","18482":"0","18483":"p","18484":"x","18485":" ","18486":"r","18487":"g","18488":"b","18489":"a","18490":"(","18491":"0","18492":",","18493":" ","18494":"1","18495":"9","18496":"1","18497":",","18498":" ","18499":"2","18500":"5","18501":"5","18502":",","18503":" ","18504":"0","18505":".","18506":"3","18507":")","18508":";","18509":"\\","18510":"n","18511":"}","18512":"\\","18513":"n","18514":"\\","18515":"n","18516":".","18517":"h","18518":"o","18519":"m","18520":"e","18521":"-","18522":"l","18523":"i","18524":"n","18525":"k","18526":":","18527":"h","18528":"o","18529":"v","18530":"e","18531":"r","18532":" ","18533":"{","18534":"\\","18535":"n","18536":" ","18537":" ","18538":"b","18539":"a","18540":"c","18541":"k","18542":"g","18543":"r","18544":"o","18545":"u","18546":"n","18547":"d","18548":":","18549":" ","18550":"l","18551":"i","18552":"n","18553":"e","18554":"a","18555":"r","18556":"-","18557":"g","18558":"r","18559":"a","18560":"d","18561":"i","18562":"e","18563":"n","18564":"t","18565":"(","18566":"9","18567":"0","18568":"d","18569":"e","18570":"g","18571":",","18572":" ","18573":"\\","18574":"n","18575":" ","18576":" ","18577":" ","18578":" ","18579":"r","18580":"g","18581":"b","18582":"a","18583":"(","18584":"0","18585":",","18586":" ","18587":"1","18588":"9","18589":"1","18590":",","18591":" ","18592":"2","18593":"5","18594":"5","18595":",","18596":" ","18597":"0","18598":".","18599":"8","18600":")","18601":" ","18602":"0","18603":"%","18604":",","18605":"\\","18606":"n","18607":" ","18608":" ","18609":" ","18610":" ","18611":"r","18612":"g","18613":"b","18614":"a","18615":"(","18616":"0","18617":",","18618":" ","18619":"2","18620":"5","18621":"5","18622":",","18623":" ","18624":"1","18625":"5","18626":"7","18627":",","18628":" ","18629":"0","18630":".","18631":"8","18632":")","18633":" ","18634":"1","18635":"0","18636":"0","18637":"%","18638":"\\","18639":"n","18640":" ","18641":" ","18642":")","18643":";","18644":"\\","18645":"n","18646":" ","18647":" ","18648":"t","18649":"r","18650":"a","18651":"n","18652":"s","18653":"f","18654":"o","18655":"r","18656":"m","18657":":","18658":" ","18659":"t","18660":"r","18661":"a","18662":"n","18663":"s","18664":"l","18665":"a","18666":"t","18667":"e","18668":"Y","18669":"(","18670":"-","18671":"2","18672":"p","18673":"x","18674":")","18675":";","18676":"\\","18677":"n","18678":" ","18679":" ","18680":"b","18681":"o","18682":"x","18683":"-","18684":"s","18685":"h","18686":"a","18687":"d","18688":"o","18689":"w","18690":":","18691":" ","18692":"\\","18693":"n","18694":" ","18695":" ","18696":" ","18697":" ","18698":"0","18699":" ","18700":"0","18701":" ","18702":"1","18703":"0","18704":"p","18705":"x","18706":" ","18707":"r","18708":"g","18709":"b","18710":"a","18711":"(","18712":"0","18713":",","18714":" ","18715":"1","18716":"9","18717":"1","18718":",","18719":" ","18720":"2","18721":"5","18722":"5","18723":",","18724":" ","18725":"0","18726":".","18727":"5","18728":")","18729":",","18730":"\\","18731":"n","18732":" ","18733":" ","18734":" ","18735":" ","18736":"0","18737":" ","18738":"0","18739":" ","18740":"1","18741":"5","18742":"p","18743":"x","18744":" ","18745":"r","18746":"g","18747":"b","18748":"a","18749":"(","18750":"0","18751":",","18752":" ","18753":"2","18754":"5","18755":"5","18756":",","18757":" ","18758":"1","18759":"5","18760":"7","18761":",","18762":" ","18763":"0","18764":".","18765":"3","18766":")","18767":";","18768":"\\","18769":"n","18770":"}","18771":"\\","18772":"n","18773":"\\","18774":"n","18775":".","18776":"i","18777":"n","18778":"p","18779":"u","18780":"t","18781":"-","18782":"h","18783":"e","18784":"l","18785":"p","18786":" ","18787":"{","18788":"\\","18789":"n","18790":" ","18791":" ","18792":"d","18793":"i","18794":"s","18795":"p","18796":"l","18797":"a","18798":"y","18799":":","18800":" ","18801":"b","18802":"l","18803":"o","18804":"c","18805":"k","18806":";","18807":"\\","18808":"n","18809":" ","18810":" ","18811":"c","18812":"o","18813":"l","18814":"o","18815":"r","18816":":","18817":" ","18818":"#","18819":"6","18820":"6","18821":"6","18822":";","18823":"\\","18824":"n","18825":" ","18826":" ","18827":"f","18828":"o","18829":"n","18830":"t","18831":"-","18832":"s","18833":"i","18834":"z","18835":"e","18836":":","18837":" ","18838":"0","18839":".","18840":"8","18841":"5","18842":"r","18843":"e","18844":"m","18845":";","18846":"\\","18847":"n","18848":" ","18849":" ","18850":"m","18851":"a","18852":"r","18853":"g","18854":"i","18855":"n","18856":"-","18857":"t","18858":"o","18859":"p","18860":":","18861":" ","18862":"0","18863":".","18864":"3","18865":"r","18866":"e","18867":"m","18868":";","18869":"\\","18870":"n","18871":" ","18872":" ","18873":"m","18874":"a","18875":"r","18876":"g","18877":"i","18878":"n","18879":"-","18880":"l","18881":"e","18882":"f","18883":"t","18884":":","18885":" ","18886":"0","18887":".","18888":"2","18889":"r","18890":"e","18891":"m","18892":";","18893":"\\","18894":"n","18895":"}","18896":"\\","18897":"n","18898":"\\","18899":"n","18900":"i","18901":"n","18902":"p","18903":"u","18904":"t","18905":":","18906":":","18907":"p","18908":"l","18909":"a","18910":"c","18911":"e","18912":"h","18913":"o","18914":"l","18915":"d","18916":"e","18917":"r","18918":" ","18919":"{","18920":"\\","18921":"n","18922":" ","18923":" ","18924":"c","18925":"o","18926":"l","18927":"o","18928":"r","18929":":","18930":" ","18931":"#","18932":"9","18933":"9","18934":"9","18935":";","18936":"\\","18937":"n","18938":" ","18939":" ","18940":"f","18941":"o","18942":"n","18943":"t","18944":"-","18945":"s","18946":"i","18947":"z","18948":"e","18949":":","18950":" ","18951":"0","18952":".","18953":"9","18954":"r","18955":"e","18956":"m","18957":";","18958":"\\","18959":"n","18960":"}","18961":"\\","18962":"n","18963":"<","18964":"/","18965":"s","18966":"t","18967":"y","18968":"l","18969":"e","18970":">","18971":"\\","18972":"n","18973":" ","18974":" ","18975":"\"","18976":"]","18977":"}"},"_coverageSchema":"1a1c01bbd47fc00a2c39e90264f33305004495a9","hash":"610413de016d66c3444f5c3c1a6433b365d8cfa3"}
,"/home/weebaay/gaming_platforme/Frontend/my-game-platform/src/services/api.js": {"path":"/home/weebaay/gaming_platforme/Frontend/my-game-platform/src/services/api.js","statementMap":{"0":{"start":{"line":8,"column":12},"end":{"line":10,"column":2}},"1":{"start":{"line":13,"column":0},"end":{"line":24,"column":2}},"2":{"start":{"line":15,"column":18},"end":{"line":15,"column":47}},"3":{"start":{"line":16,"column":4},"end":{"line":18,"column":5}},"4":{"start":{"line":17,"column":6},"end":{"line":17,"column":55}},"5":{"start":{"line":19,"column":4},"end":{"line":19,"column":18}},"6":{"start":{"line":22,"column":4},"end":{"line":22,"column":33}},"7":{"start":{"line":27,"column":0},"end":{"line":36,"column":2}},"8":{"start":{"line":28,"column":16},"end":{"line":28,"column":24}},"9":{"start":{"line":30,"column":4},"end":{"line":33,"column":5}},"10":{"start":{"line":32,"column":6},"end":{"line":32,"column":38}},"11":{"start":{"line":34,"column":4},"end":{"line":34,"column":33}}},"fnMap":{"0":{"name":"(anonymous_0)","decl":{"start":{"line":14,"column":2},"end":{"line":14,"column":3}},"loc":{"start":{"line":14,"column":14},"end":{"line":20,"column":3}},"line":14},"1":{"name":"(anonymous_1)","decl":{"start":{"line":21,"column":2},"end":{"line":21,"column":3}},"loc":{"start":{"line":21,"column":13},"end":{"line":23,"column":3}},"line":21},"2":{"name":"(anonymous_2)","decl":{"start":{"line":28,"column":2},"end":{"line":28,"column":3}},"loc":{"start":{"line":28,"column":16},"end":{"line":28,"column":24}},"line":28},"3":{"name":"(anonymous_3)","decl":{"start":{"line":29,"column":2},"end":{"line":29,"column":3}},"loc":{"start":{"line":29,"column":13},"end":{"line":35,"column":3}},"line":29}},"branchMap":{"0":{"loc":{"start":{"line":16,"column":4},"end":{"line":18,"column":5}},"type":"if","locations":[{"start":{"line":16,"column":4},"end":{"line":18,"column":5}},{"start":{},"end":{}}],"line":16},"1":{"loc":{"start":{"line":30,"column":4},"end":{"line":33,"column":5}},"type":"if","locations":[{"start":{"line":30,"column":4},"end":{"line":33,"column":5}},{"start":{},"end":{}}],"line":30},"2":{"loc":{"start":{"line":30,"column":8},"end":{"line":30,"column":55}},"type":"binary-expr","locations":[{"start":{"line":30,"column":8},"end":{"line":30,"column":22}},{"start":{"line":30,"column":26},"end":{"line":30,"column":55}}],"line":30}},"s":{"0":1,"1":1,"2":3,"3":3,"4":3,"5":3,"6":0,"7":1,"8":0,"9":2,"10":0,"11":2},"f":{"0":3,"1":0,"2":0,"3":2},"b":{"0":[3,0],"1":[0,2],"2":[2,0]},"_coverageSchema":"1a1c01bbd47fc00a2c39e90264f33305004495a9","hash":"59c188134fd51f99b18bf26d5c0b695d7b76ed91"}
}
