TN:
SF:src/components/Leaderboard.vue
FN:299,render
FN:305,(anonymous_1)
FN:313,(anonymous_2)
FN:319,(anonymous_3)
FN:322,(anonymous_4)
FN:330,(anonymous_5)
FN:332,(anonymous_6)
FN:334,(anonymous_7)
FN:335,(anonymous_8)
FN:351,(anonymous_9)
FN:356,(anonymous_10)
FN:360,(anonymous_11)
FNF:12
FNH:7
FNDA:38,render
FNDA:0,(anonymous_1)
FNDA:0,(anonymous_2)
FNDA:0,(anonymous_3)
FNDA:1,(anonymous_4)
FNDA:2,(anonymous_5)
FNDA:2,(anonymous_6)
FNDA:2,(anonymous_7)
FNDA:2,(anonymous_8)
FNDA:0,(anonymous_9)
FNDA:0,(anonymous_10)
FNDA:40,(anonymous_11)
DA:4,2
DA:5,2
DA:8,2
DA:9,2
DA:10,2
DA:166,2
DA:168,2
DA:171,2
DA:172,2
DA:173,2
DA:176,2
DA:179,2
DA:182,2
DA:185,2
DA:188,2
DA:191,2
DA:194,2
DA:198,2
DA:201,2
DA:205,2
DA:208,2
DA:211,2
DA:214,2
DA:218,2
DA:221,2
DA:224,2
DA:227,2
DA:231,2
DA:234,2
DA:237,2
DA:240,2
DA:244,2
DA:247,2
DA:250,2
DA:253,2
DA:256,2
DA:259,2
DA:262,2
DA:265,2
DA:269,2
DA:272,2
DA:275,2
DA:279,2
DA:282,2
DA:285,2
DA:289,2
DA:292,2
DA:295,2
DA:300,38
DA:301,38
DA:305,0
DA:313,0
DA:319,0
DA:322,1
DA:330,2
DA:332,2
DA:334,2
DA:335,2
DA:351,0
DA:356,0
DA:361,40
DA:389,2
LF:62
LH:57
BRDA:305,0,0,0
BRDA:305,0,1,0
BRDA:309,1,0,38
BRDA:309,1,1,11
BRDA:313,2,0,0
BRDA:313,2,1,0
BRDA:319,3,0,0
BRDA:319,3,1,0
BRDA:322,4,0,38
BRDA:322,4,1,11
BRDA:322,5,0,1
BRDA:322,5,1,1
BRDA:326,6,0,38
BRDA:326,6,1,11
BRDA:330,7,0,38
BRDA:330,7,1,11
BRDA:332,8,0,38
BRDA:332,8,1,11
BRDA:332,9,0,2
BRDA:332,9,1,0
BRDA:334,10,0,38
BRDA:334,10,1,11
BRDA:335,11,0,38
BRDA:335,11,1,11
BRDA:335,12,0,2
BRDA:335,12,1,0
BRDA:336,13,0,38
BRDA:336,13,1,11
BRDA:344,14,0,14
BRDA:344,14,1,24
BRDA:344,15,0,14
BRDA:344,15,1,9
BRDA:344,16,0,13
BRDA:344,16,1,1
BRDA:344,17,0,13
BRDA:344,17,1,9
BRDA:346,18,0,14
BRDA:346,18,1,0
BRDA:346,19,0,14
BRDA:346,19,1,9
BRDA:348,20,0,13
BRDA:348,20,1,1
BRDA:348,21,0,13
BRDA:348,21,1,9
BRDA:350,22,0,14
BRDA:350,22,1,24
BRDA:350,23,0,14
BRDA:350,23,1,9
BRDA:350,24,0,14
BRDA:350,24,1,9
BRDA:351,25,0,14
BRDA:351,25,1,9
BRDA:353,26,0,14
BRDA:353,26,1,9
BRDA:356,27,0,14
BRDA:356,27,1,9
BRDA:358,28,0,14
BRDA:358,28,1,9
BRDA:360,29,0,14
BRDA:360,29,1,9
BRDA:366,30,0,40
BRDA:366,30,1,0
BRDA:366,31,0,40
BRDA:366,31,1,3
BRDA:366,32,0,40
BRDA:366,32,1,9
BRDA:373,33,0,37
BRDA:373,33,1,3
BRDA:373,34,0,40
BRDA:373,34,1,3
BRDA:373,35,0,37
BRDA:373,35,1,9
BRDA:380,36,0,37
BRDA:380,36,1,3
BRDA:380,37,0,40
BRDA:380,37,1,3
BRDA:380,38,0,37
BRDA:380,38,1,9
BRDA:388,39,0,24
BRDA:388,39,1,11
BRF:80
BRH:70
end_of_record
TN:
SF:src/components/LeaderboardOnline.vue
FN:399,render
FN:405,(anonymous_1)
FN:413,(anonymous_2)
FN:419,(anonymous_3)
FN:422,(anonymous_4)
FN:430,(anonymous_5)
FN:432,(anonymous_6)
FN:434,(anonymous_7)
FN:435,(anonymous_8)
FN:451,(anonymous_9)
FN:456,(anonymous_10)
FN:461,(anonymous_11)
FN:465,(anonymous_12)
FN:483,(anonymous_13)
FN:491,(anonymous_14)
FN:504,(anonymous_15)
FNF:16
FNH:11
FNDA:62,render
FNDA:0,(anonymous_1)
FNDA:0,(anonymous_2)
FNDA:0,(anonymous_3)
FNDA:1,(anonymous_4)
FNDA:2,(anonymous_5)
FNDA:2,(anonymous_6)
FNDA:2,(anonymous_7)
FNDA:2,(anonymous_8)
FNDA:0,(anonymous_9)
FNDA:0,(anonymous_10)
FNDA:2,(anonymous_11)
FNDA:88,(anonymous_12)
FNDA:3,(anonymous_13)
FNDA:1,(anonymous_14)
FNDA:8,(anonymous_15)
DA:4,2
DA:5,2
DA:8,2
DA:9,2
DA:10,2
DA:210,2
DA:212,2
DA:215,2
DA:216,2
DA:217,2
DA:220,2
DA:223,2
DA:226,2
DA:229,2
DA:232,2
DA:235,2
DA:238,2
DA:242,2
DA:245,2
DA:249,2
DA:252,2
DA:255,2
DA:258,2
DA:261,2
DA:265,2
DA:268,2
DA:271,2
DA:274,2
DA:277,2
DA:281,2
DA:284,2
DA:287,2
DA:290,2
DA:293,2
DA:297,2
DA:300,2
DA:303,2
DA:306,2
DA:309,2
DA:312,2
DA:315,2
DA:318,2
DA:321,2
DA:324,2
DA:327,2
DA:330,2
DA:331,2
DA:335,2
DA:339,2
DA:343,2
DA:346,2
DA:349,2
DA:352,2
DA:355,2
DA:358,2
DA:361,2
DA:364,2
DA:367,2
DA:370,2
DA:373,2
DA:376,2
DA:379,2
DA:382,2
DA:385,2
DA:388,2
DA:391,2
DA:395,2
DA:400,62
DA:401,62
DA:405,0
DA:413,0
DA:419,0
DA:422,1
DA:430,2
DA:432,2
DA:434,2
DA:435,2
DA:451,0
DA:456,0
DA:461,2
DA:466,88
DA:483,3
DA:491,1
DA:505,8
DA:509,2
LF:85
LH:80
BRDA:405,0,0,0
BRDA:405,0,1,0
BRDA:409,1,0,62
BRDA:409,1,1,14
BRDA:413,2,0,0
BRDA:413,2,1,0
BRDA:419,3,0,0
BRDA:419,3,1,0
BRDA:422,4,0,62
BRDA:422,4,1,14
BRDA:422,5,0,1
BRDA:422,5,1,1
BRDA:426,6,0,62
BRDA:426,6,1,14
BRDA:430,7,0,62
BRDA:430,7,1,14
BRDA:432,8,0,62
BRDA:432,8,1,14
BRDA:432,9,0,2
BRDA:432,9,1,2
BRDA:434,10,0,62
BRDA:434,10,1,14
BRDA:435,11,0,62
BRDA:435,11,1,14
BRDA:435,12,0,2
BRDA:435,12,1,2
BRDA:436,13,0,62
BRDA:436,13,1,14
BRDA:444,14,0,34
BRDA:444,14,1,28
BRDA:444,15,0,34
BRDA:444,15,1,13
BRDA:444,16,0,27
BRDA:444,16,1,7
BRDA:444,17,0,27
BRDA:444,17,1,13
BRDA:446,18,0,34
BRDA:446,18,1,0
BRDA:446,19,0,34
BRDA:446,19,1,13
BRDA:448,20,0,27
BRDA:448,20,1,7
BRDA:448,21,0,27
BRDA:448,21,1,13
BRDA:450,22,0,34
BRDA:450,22,1,28
BRDA:450,23,0,34
BRDA:450,23,1,13
BRDA:450,24,0,34
BRDA:450,24,1,13
BRDA:451,25,0,34
BRDA:451,25,1,13
BRDA:453,26,0,34
BRDA:453,26,1,13
BRDA:456,27,0,34
BRDA:456,27,1,13
BRDA:458,28,0,34
BRDA:458,28,1,13
BRDA:461,29,0,34
BRDA:461,29,1,13
BRDA:463,30,0,34
BRDA:463,30,1,13
BRDA:465,31,0,34
BRDA:465,31,1,13
BRDA:465,32,0,34
BRDA:465,32,1,13
BRDA:474,33,0,88
BRDA:474,33,1,0
BRDA:479,34,0,88
BRDA:479,34,1,0
BRDA:484,35,0,88
BRDA:484,35,1,13
BRDA:487,36,0,28
BRDA:487,36,1,0
BRDA:487,37,0,28
BRDA:487,37,1,14
BRDA:489,38,0,0
BRDA:489,38,1,0
BRDA:489,39,0,8
BRDA:489,39,1,54
BRDA:491,40,0,8
BRDA:491,40,1,4
BRDA:492,41,0,8
BRDA:492,41,1,4
BRDA:492,42,0,8
BRDA:492,42,1,4
BRDA:494,43,0,8
BRDA:494,43,1,4
BRDA:496,44,0,8
BRDA:496,44,1,4
BRDA:498,45,0,8
BRDA:498,45,1,4
BRDA:500,46,0,8
BRDA:500,46,1,4
BRDA:502,47,0,8
BRDA:502,47,1,4
BRDA:504,48,0,8
BRDA:504,48,1,4
BRDA:504,49,0,4
BRDA:504,49,1,4
BRDA:504,50,0,4
BRDA:504,50,1,4
BRDA:508,51,0,4
BRDA:508,51,1,4
BRF:104
BRH:92
end_of_record
TN:
SF:src/components/Login.vue
FN:172,render
FN:180,(anonymous_1)
FN:183,(anonymous_2)
FN:189,(anonymous_3)
FN:196,(anonymous_4)
FN:202,(anonymous_5)
FN:210,(anonymous_6)
FNF:7
FNH:4
FNDA:11,render
FNDA:0,(anonymous_1)
FNDA:2,(anonymous_2)
FNDA:1,(anonymous_3)
FNDA:1,(anonymous_4)
FNDA:0,(anonymous_5)
FNDA:0,(anonymous_6)
DA:4,1
DA:5,1
DA:8,1
DA:9,1
DA:132,1
DA:134,1
DA:137,1
DA:138,1
DA:139,1
DA:145,1
DA:148,1
DA:151,1
DA:155,1
DA:158,1
DA:161,1
DA:164,1
DA:165,1
DA:169,1
DA:173,11
DA:174,11
DA:180,0
DA:183,2
DA:189,1
DA:196,1
DA:202,0
DA:210,0
DA:213,1
LF:27
LH:24
BRDA:174,0,0,11
BRDA:174,0,1,4
BRDA:180,1,0,0
BRDA:180,1,1,0
BRDA:182,2,0,11
BRDA:182,2,1,4
BRDA:182,3,0,0
BRDA:182,3,1,11
BRDA:183,4,0,11
BRDA:183,4,1,4
BRDA:183,5,0,2
BRDA:183,5,1,2
BRDA:184,6,0,11
BRDA:184,6,1,4
BRDA:189,7,0,11
BRDA:189,7,1,4
BRDA:191,8,0,11
BRDA:191,8,1,4
BRDA:196,9,0,11
BRDA:196,9,1,4
BRDA:202,10,0,0
BRDA:202,10,1,0
BRDA:207,11,0,2
BRDA:207,11,1,9
BRDA:207,12,0,2
BRDA:207,12,1,9
BRDA:207,13,0,11
BRDA:207,13,1,4
BRDA:210,14,0,0
BRDA:210,14,1,0
BRF:30
BRH:23
end_of_record
TN:
SF:src/components/Register.vue
FN:343,render
FN:351,(anonymous_1)
FN:354,(anonymous_2)
FN:360,(anonymous_3)
FN:361,(anonymous_4)
FN:374,(anonymous_5)
FN:375,(anonymous_6)
FN:385,(anonymous_7)
FN:386,(anonymous_8)
FN:410,(anonymous_9)
FNF:10
FNH:4
FNDA:9,render
FNDA:5,(anonymous_1)
FNDA:1,(anonymous_2)
FNDA:0,(anonymous_3)
FNDA:0,(anonymous_4)
FNDA:0,(anonymous_5)
FNDA:0,(anonymous_6)
FNDA:0,(anonymous_7)
FNDA:0,(anonymous_8)
FNDA:5,(anonymous_9)
DA:4,2
DA:5,2
DA:8,2
DA:9,2
DA:10,2
DA:11,2
DA:285,2
DA:287,2
DA:290,2
DA:291,2
DA:292,2
DA:298,2
DA:301,2
DA:304,2
DA:307,2
DA:311,2
DA:314,2
DA:318,2
DA:321,2
DA:325,2
DA:328,2
DA:332,2
DA:336,2
DA:339,2
DA:340,2
DA:344,9
DA:345,9
DA:351,5
DA:354,1
DA:360,0
DA:361,0
DA:374,0
DA:375,0
DA:385,0
DA:386,0
DA:410,5
DA:413,2
LF:37
LH:31
BRDA:345,0,0,9
BRDA:345,0,1,5
BRDA:351,1,0,5
BRDA:351,1,1,5
BRDA:353,2,0,9
BRDA:353,2,1,5
BRDA:354,3,0,9
BRDA:354,3,1,5
BRDA:354,4,0,1
BRDA:354,4,1,1
BRDA:355,5,0,9
BRDA:355,5,1,5
BRDA:360,6,0,9
BRDA:360,6,1,5
BRDA:361,7,0,9
BRDA:361,7,1,5
BRDA:361,8,0,0
BRDA:361,8,1,0
BRDA:367,9,0,9
BRDA:367,9,1,5
BRDA:369,10,0,1
BRDA:369,10,1,8
BRDA:369,11,0,9
BRDA:369,11,1,5
BRDA:374,12,0,9
BRDA:374,12,1,5
BRDA:375,13,0,9
BRDA:375,13,1,5
BRDA:375,14,0,0
BRDA:375,14,1,0
BRDA:380,15,0,0
BRDA:380,15,1,9
BRDA:380,16,0,9
BRDA:380,16,1,5
BRDA:385,17,0,9
BRDA:385,17,1,5
BRDA:386,18,0,9
BRDA:386,18,1,5
BRDA:386,19,0,0
BRDA:386,19,1,0
BRDA:393,20,0,9
BRDA:393,20,1,5
BRDA:395,21,0,3
BRDA:395,21,1,6
BRDA:400,22,0,4
BRDA:400,22,1,5
BRDA:400,23,0,0
BRDA:400,23,1,9
BRDA:400,24,0,0
BRDA:400,24,1,0
BRDA:402,25,0,0
BRDA:402,25,1,0
BRDA:407,26,0,0
BRDA:407,26,1,9
BRDA:407,27,0,9
BRDA:407,27,1,5
BRDA:410,28,0,5
BRDA:410,28,1,5
BRF:58
BRH:45
end_of_record
TN:
SF:src/services/api.js
FN:14,(anonymous_0)
FN:21,(anonymous_1)
FN:28,(anonymous_2)
FN:29,(anonymous_3)
FNF:4
FNH:2
FNDA:3,(anonymous_0)
FNDA:0,(anonymous_1)
FNDA:0,(anonymous_2)
FNDA:2,(anonymous_3)
DA:8,1
DA:13,1
DA:15,3
DA:16,3
DA:17,3
DA:19,3
DA:22,0
DA:27,1
DA:28,0
DA:30,2
DA:32,0
DA:34,2
LF:12
LH:9
BRDA:16,0,0,3
BRDA:16,0,1,0
BRDA:30,1,0,0
BRDA:30,1,1,2
BRDA:30,2,0,2
BRDA:30,2,1,0
BRF:6
BRH:3
end_of_record
